2020-Jun-30 23:07:26,888 [main] com.testing.keyword.Keyword 
  INFO  Open URL successfully
2020-Jun-30 23:07:29,107 [main] com.testing.keyword.Keyword 
  INFO  Window maximize 
2020-Jun-30 23:07:29,107 [main] com.snehal.tests.UniversalBabyTests 
  INFO  Successfully Open Flipkart Site....
2020-Jun-30 23:07:29,569 [main] com.snehal.pages.UniversalBabyPage 
  INFO  Login Popup close successfuly
2020-Jun-30 23:07:29,774 [main] com.testing.keyword.Keyword 
  INFO  It will just hover mouse
2020-Jun-30 23:07:29,774 [main] com.snehal.tests.UniversalBabyTests 
  INFO  Mouse hover on Baby&Kids
2020-Jun-30 23:07:29,794 [main] com.testing.keyword.Keyword 
  INFO  explici wait applied
2020-Jun-30 23:07:30,104 [main] com.testing.keyword.Keyword 
  INFO  mouse hover and click perform
2020-Jun-30 23:07:30,104 [main] com.testing.keyword.Keyword 
  INFO  explici wait applied
2020-Jun-30 23:07:34,440 [main] com.testing.keyword.Keyword 
  INFO  close browser successfuly
