2020-Jun-30 23:08:26,928 [main] com.testing.keyword.Keyword 
  INFO  Open URL successfully
2020-Jun-30 23:08:29,107 [main] com.testing.keyword.Keyword 
  INFO  Window maximize 
2020-Jun-30 23:08:29,107 [main] com.snehal.tests.UniversalBabyTests 
  INFO  Successfully Open Flipkart Site....
2020-Jun-30 23:08:29,437 [main] com.snehal.pages.UniversalBabyPage 
  INFO  Login Popup close successfuly
2020-Jun-30 23:08:29,614 [main] com.testing.keyword.Keyword 
  INFO  It will just hover mouse
2020-Jun-30 23:08:29,614 [main] com.snehal.tests.UniversalBabyTests 
  INFO  Mouse hover on Baby&Kids
2020-Jun-30 23:08:29,632 [main] com.testing.keyword.Keyword 
  INFO  explici wait applied
2020-Jun-30 23:08:30,140 [main] com.testing.keyword.Keyword 
  INFO  mouse hover and click perform
2020-Jun-30 23:08:30,140 [main] com.testing.keyword.Keyword 
  INFO  explici wait applied
2020-Jun-30 23:08:30,319 [main] com.testing.keyword.Keyword 
  INFO  close browser successfuly
