2020-Jul-02 21:14:02,339 [main] com.testing.keyword.Keyword 
  INFO  explici wait applied
2020-Jul-02 21:14:02,346 [main] com.testing.headerPage.testCases.OnlyWomenFirstTests 
  INFO  Particcular value selected
2020-Jul-02 21:16:18,282 [main] com.testing.headerPage.testCases.OnlyWomenFirstTests 
  INFO  Browser open
2020-Jul-02 21:16:31,979 [main] com.testing.keyword.Keyword 
  INFO  Open URL successfully
2020-Jul-02 21:16:31,980 [main] com.testing.headerPage.testCases.OnlyWomenFirstTests 
  INFO  URL launch done
2020-Jul-02 21:16:34,988 [main] com.testing.keyword.Keyword 
  INFO  Window maximize 
2020-Jul-02 21:16:34,988 [main] com.testing.headerPage.testCases.OnlyWomenFirstTests 
  INFO  Window maximize
2020-Jul-02 21:16:35,023 [main] com.testing.keyword.Keyword 
  INFO  implicit wait applied
2020-Jul-02 21:16:37,419 [main] com.testing.keyword.Keyword 
  INFO  deleted cookies
2020-Jul-02 21:16:37,897 [main] com.testing.headerPage.testCases.OnlyWomenFirstTests 
  INFO  Pop-up close
2020-Jul-02 21:16:38,138 [main] com.testing.headerPage.testCases.OnlyWomenFirstTests 
  INFO  women tab selected
2020-Jul-02 21:16:39,223 [main] com.testing.headerPage.testCases.OnlyWomenFirstTests 
  INFO  Click on sarees in ethnic wear
2020-Jul-02 21:16:50,469 [main] com.testing.headerPage.testCases.OnlyWomenFirstTests 
  INFO  Logo click
2020-Jul-02 21:16:57,282 [main] com.testing.keyword.Keyword 
  INFO  close browser successfuly
