2020-Jul-01 13:25:25,853 [main] com.testing.headerPage.testCases.OnlyWomenFirstTests 
  INFO  Browser open
2020-Jul-01 13:25:34,261 [main] com.testing.keyword.Keyword 
  INFO  Open URL successfully
2020-Jul-01 13:25:34,262 [main] com.testing.headerPage.testCases.OnlyWomenFirstTests 
  INFO  URL launch done
2020-Jul-01 13:25:37,052 [main] com.testing.keyword.Keyword 
  INFO  Window maximize 
2020-Jul-01 13:25:37,054 [main] com.testing.headerPage.testCases.OnlyWomenFirstTests 
  INFO  Window maximize
2020-Jul-01 13:25:37,162 [main] com.testing.keyword.Keyword 
  INFO  implicit wait applied
2020-Jul-01 13:25:39,138 [main] com.testing.keyword.Keyword 
  INFO  deleted cookies
2020-Jul-01 13:25:39,890 [main] com.testing.headerPage.testCases.OnlyWomenFirstTests 
  INFO  Pop-up close
2020-Jul-01 13:25:40,427 [main] com.testing.headerPage.testCases.OnlyWomenFirstTests 
  INFO  women tab selected
2020-Jul-01 13:25:41,225 [main] com.testing.headerPage.testCases.OnlyWomenFirstTests 
  INFO  Click on sarees in ethnic wear
2020-Jul-01 13:25:41,396 [main] com.testing.keyword.Keyword 
  INFO  explici wait applied
2020-Jul-01 13:25:45,956 [main] com.testing.headerPage.testCases.OnlyWomenFirstTests 
  INFO  Filter is clicked
2020-Jul-01 13:25:47,527 [main] com.testing.headerPage.testCases.OnlyWomenFirstTests 
  INFO  Particcular value selected
