2020-Jun-30 23:03:36,417 [main] com.testing.keyword.Keyword 
  INFO  Open URL successfully
2020-Jun-30 23:03:38,738 [main] com.testing.keyword.Keyword 
  INFO  Window maximize 
2020-Jun-30 23:03:38,738 [main] com.snehal.tests.UniversalBabyTests 
  INFO  Successfully Open Flipkart Site....
2020-Jun-30 23:03:39,097 [main] com.snehal.pages.UniversalBabyPage 
  INFO  Login Popup close successfuly
2020-Jun-30 23:03:39,263 [main] com.testing.keyword.Keyword 
  INFO  It will just hover mouse
2020-Jun-30 23:03:39,263 [main] com.snehal.tests.UniversalBabyTests 
  INFO  Mouse hover on Baby&Kids
2020-Jun-30 23:03:39,279 [main] com.testing.keyword.Keyword 
  INFO  explici wait applied
2020-Jun-30 23:03:39,575 [main] com.testing.keyword.Keyword 
  INFO  mouse hover and click perform
2020-Jun-30 23:03:39,579 [main] com.testing.keyword.Keyword 
  INFO  explici wait applied
2020-Jun-30 23:03:44,127 [main] com.testing.keyword.Keyword 
  INFO  close browser successfuly
