2020-Jun-18 20:42:10,497 [main] com.testing.keyword.Keyword 
  INFO  Open URL successfully
2020-Jun-18 20:42:10,545 [main] com.testing.headerPage.testCases.OnlyWomenFirstTests 
  INFO  URL launch done
2020-Jun-18 20:42:10,589 [main] com.testing.keyword.Keyword 
  INFO  implicit wait applied
2020-Jun-18 20:42:13,778 [main] com.testing.keyword.Keyword 
  INFO  Window maximize 
2020-Jun-18 20:42:13,779 [main] com.testing.headerPage.testCases.OnlyWomenFirstTests 
  INFO  Window maximize
2020-Jun-18 20:42:16,397 [main] com.testing.keyword.Keyword 
  INFO  deleted cookies
2020-Jun-18 20:42:17,544 [main] com.testing.headerPage.testCases.OnlyWomenFirstTests 
  INFO  Pop-up close
2020-Jun-18 20:42:17,828 [main] com.testing.headerPage.testCases.OnlyWomenFirstTests 
  INFO  women tab selected
2020-Jun-18 20:42:18,871 [main] com.testing.keyword.Keyword 
  INFO  explici wait applied
2020-Jun-18 20:42:25,141 [main] com.testing.headerPage.testCases.OnlyWomenFirstTests 
  INFO  Logo click
2020-Jun-18 20:42:28,615 [main] com.testing.keyword.Keyword 
  INFO  close browser successfuly
