2020-Jul-01 16:21:26,538 [main] com.testing.keyword.Keyword 
  INFO  Open URL successfully
2020-Jul-01 16:21:28,720 [main] com.testing.keyword.Keyword 
  INFO  Window maximize 
2020-Jul-01 16:21:28,762 [main] com.testing.keyword.Keyword 
  INFO  implicit wait applied
2020-Jul-01 16:21:28,762 [main] com.snehal.tests.UniversalBabyTests 
  INFO  Successfully Open Flipkart Site....
2020-Jul-01 16:21:29,155 [main] com.snehal.pages.UniversalBabyPage 
  INFO  Login Popup close successfuly
2020-Jul-01 16:21:29,323 [main] com.testing.keyword.Keyword 
  INFO  It will just hover mouse
2020-Jul-01 16:21:29,323 [main] com.snehal.tests.UniversalBabyTests 
  INFO  Mouse hover on Baby and kids
2020-Jul-01 16:21:29,340 [main] com.testing.keyword.Keyword 
  INFO  explici wait applied
2020-Jul-01 16:21:29,605 [main] com.testing.keyword.Keyword 
  INFO  mouse hover and click perform
2020-Jul-01 16:21:29,605 [main] com.testing.keyword.Keyword 
  INFO  explici wait applied
2020-Jul-01 16:21:35,146 [main] com.testing.keyword.Keyword 
  INFO  close browser successfuly
