2020-Jul-01 15:16:27,574 [main] com.testing.keyword.Keyword 
  INFO  Open URL successfully
2020-Jul-01 15:16:29,709 [main] com.testing.keyword.Keyword 
  INFO  Window maximize 
2020-Jul-01 15:16:29,722 [main] com.testing.keyword.Keyword 
  INFO  implicit wait applied
2020-Jul-01 15:16:29,722 [main] com.snehal.tests.UniversalBabyTests 
  INFO  Successfully Open Flipkart Site....
2020-Jul-01 15:16:29,948 [main] com.snehal.pages.UniversalBabyPage 
  INFO  Login Popup close successfuly
2020-Jul-01 15:16:30,118 [main] com.testing.keyword.Keyword 
  INFO  It will just hover mouse
2020-Jul-01 15:16:30,118 [main] com.snehal.tests.UniversalBabyTests 
  INFO  Mouse hover on Baby and kids
2020-Jul-01 15:16:34,615 [main] com.testing.keyword.Keyword 
  INFO  close browser successfuly
2020-Jul-01 15:16:50,709 [main] com.testing.keyword.Keyword 
  INFO  Open URL successfully
2020-Jul-01 15:16:52,909 [main] com.testing.keyword.Keyword 
  INFO  Window maximize 
2020-Jul-01 15:16:52,915 [main] com.testing.keyword.Keyword 
  INFO  implicit wait applied
2020-Jul-01 15:16:52,915 [main] com.snehal.tests.UniversalBabyTests 
  INFO  Successfully Open Flipkart Site....
2020-Jul-01 15:16:53,086 [main] com.snehal.pages.UniversalBabyPage 
  INFO  Login Popup close successfuly
2020-Jul-01 15:16:53,410 [main] com.testing.keyword.Keyword 
  INFO  close browser successfuly
