2020-Jul-05 13:48:15,753 [main] com.testing.keyword.Keyword 
  INFO  Open URL successfully
2020-Jul-05 13:48:19,080 [main] com.testing.keyword.Keyword 
  INFO  refresh page
2020-Jul-05 13:48:19,081 [main] com.testing.headerPage.testCases.OnlyWomenFirstTests 
  INFO  URL launch done
2020-Jul-05 13:48:21,319 [main] com.testing.keyword.Keyword 
  INFO  Window maximize 
2020-Jul-05 13:48:34,955 [main] com.testing.keyword.Keyword 
  INFO  refresh page
2020-Jul-05 13:48:34,955 [main] com.testing.headerPage.testCases.OnlyWomenFirstTests 
  INFO  Window maximize
2020-Jul-05 13:48:34,973 [main] com.testing.keyword.Keyword 
  INFO  implicit wait applied
2020-Jul-05 13:48:35,902 [main] com.testing.keyword.Keyword 
  INFO  deleted cookies
2020-Jul-05 13:48:36,335 [main] com.testing.headerPage.testCases.OnlyWomenFirstTests 
  INFO  Pop-up close
2020-Jul-05 13:48:36,526 [main] com.testing.headerPage.testCases.OnlyWomenFirstTests 
  INFO  women tab selected
2020-Jul-05 13:48:37,067 [main] com.testing.headerPage.testCases.OnlyWomenFirstTests 
  INFO  Click on sarees in ethnic wear
2020-Jul-05 13:48:41,191 [main] com.testing.headerPage.testCases.OnlyWomenFirstTests 
  INFO  Checkbox is selected
