2020-Jun-30 20:58:03,576 [main] com.testing.headerPage.testCases.OnlyWomenFirstTests 
  INFO  Browser open
2020-Jun-30 20:58:13,444 [main] com.testing.keyword.Keyword 
  INFO  Open URL successfully
2020-Jun-30 20:58:13,444 [main] com.testing.headerPage.testCases.OnlyWomenFirstTests 
  INFO  URL launch done
2020-Jun-30 20:58:15,909 [main] com.testing.keyword.Keyword 
  INFO  Window maximize 
2020-Jun-30 20:58:15,909 [main] com.testing.headerPage.testCases.OnlyWomenFirstTests 
  INFO  Window maximize
2020-Jun-30 20:58:15,925 [main] com.testing.keyword.Keyword 
  INFO  implicit wait applied
2020-Jun-30 20:58:17,807 [main] com.testing.keyword.Keyword 
  INFO  deleted cookies
2020-Jun-30 20:58:18,715 [main] com.testing.headerPage.testCases.OnlyWomenFirstTests 
  INFO  Pop-up close
2020-Jun-30 20:58:19,181 [main] com.testing.headerPage.testCases.OnlyWomenFirstTests 
  INFO  women tab selected
2020-Jun-30 20:58:19,756 [main] com.testing.headerPage.testCases.OnlyWomenFirstTests 
  INFO  Click on sarees in ethnic wear
2020-Jun-30 20:58:19,796 [main] com.testing.keyword.Keyword 
  INFO  explici wait applied
2020-Jun-30 20:58:22,892 [main] com.testing.headerPage.testCases.OnlyWomenFirstTests 
  INFO  Filter is clicked
2020-Jun-30 20:58:24,163 [main] com.testing.headerPage.testCases.OnlyWomenFirstTests 
  INFO  Particcular value selected
