2020-Jul-01 13:37:41,945 [main] com.testing.headerPage.testCases.OnlyWomenFirstTests 
  INFO  Browser open
2020-Jul-01 13:37:48,331 [main] com.testing.keyword.Keyword 
  INFO  Open URL successfully
2020-Jul-01 13:37:48,332 [main] com.testing.headerPage.testCases.OnlyWomenFirstTests 
  INFO  URL launch done
2020-Jul-01 13:37:51,338 [main] com.testing.keyword.Keyword 
  INFO  Window maximize 
2020-Jul-01 13:37:51,340 [main] com.testing.headerPage.testCases.OnlyWomenFirstTests 
  INFO  Window maximize
2020-Jul-01 13:37:51,423 [main] com.testing.keyword.Keyword 
  INFO  implicit wait applied
2020-Jul-01 13:37:53,043 [main] com.testing.keyword.Keyword 
  INFO  deleted cookies
2020-Jul-01 13:37:53,721 [main] com.testing.headerPage.testCases.OnlyWomenFirstTests 
  INFO  Pop-up close
2020-Jul-01 13:37:53,951 [main] com.testing.headerPage.testCases.OnlyWomenFirstTests 
  INFO  women tab selected
2020-Jul-01 13:37:54,558 [main] com.testing.headerPage.testCases.OnlyWomenFirstTests 
  INFO  Click on sarees in ethnic wear
2020-Jul-01 13:37:54,589 [main] com.testing.keyword.Keyword 
  INFO  explici wait applied
2020-Jul-01 13:37:59,156 [main] com.testing.headerPage.testCases.OnlyWomenFirstTests 
  INFO  Filter is clicked
