2020-Jun-18 16:16:00,713 [main] com.testing.keyword.Keyword 
  INFO  Window maximize 
2020-Jun-18 16:16:00,757 [main] com.testing.headerPage.testCases.LogInPageTests 
  INFO  URL launch successfully
2020-Jun-18 16:16:01,211 [main] com.testing.headerPage.testCases.LogInPageTests 
  INFO  Pop-Up close
2020-Jun-18 16:16:01,566 [main] com.testing.headerPage.testCases.LogInPageTests 
  INFO  logo click done
2020-Jun-18 16:16:02,098 [main] com.testing.headerPage.testCases.LogInPageTests 
  INFO  Log In Click
2020-Jun-18 16:16:02,531 [main] com.testing.headerPage.testCases.LogInPageTests 
  INFO  Entered email
2020-Jun-18 16:16:02,853 [main] com.testing.headerPage.testCases.LogInPageTests 
  INFO  Entered password
2020-Jun-18 16:16:03,031 [main] com.testing.headerPage.testCases.LogInPageTests 
  INFO  Click on log in submit
2020-Jun-18 16:16:03,502 [main] com.testing.headerPage.testCases.LogInPageTests 
  INFO  Product search successfully
2020-Jun-18 16:16:03,542 [main] com.testing.keyword.Keyword 
  INFO  explici wait applied
2020-Jun-18 16:16:08,067 [main] com.testing.headerPage.testCases.LogInPageTests 
  INFO  search button work fine
2020-Jun-18 16:16:09,167 [main] com.testing.keyword.Keyword 
  INFO  close browser successfuly
