2020-Jul-01 10:47:13,340 [main] com.testing.keyword.Keyword 
  INFO  Open URL successfully
2020-Jul-01 10:47:15,531 [main] com.testing.keyword.Keyword 
  INFO  Window maximize 
2020-Jul-01 10:47:15,539 [main] com.testing.keyword.Keyword 
  INFO  implicit wait applied
2020-Jul-01 10:47:15,540 [main] com.snehal.tests.UniversalBabyTests 
  INFO  Successfully Open Flipkart Site....
2020-Jul-01 10:47:15,861 [main] com.snehal.pages.UniversalBabyPage 
  INFO  Login Popup close successfuly
2020-Jul-01 10:47:16,076 [main] com.testing.keyword.Keyword 
  INFO  It will just hover mouse
2020-Jul-01 10:47:16,076 [main] com.snehal.tests.UniversalBabyTests 
  INFO  Mouse hover on Baby&Kids
2020-Jul-01 10:47:16,094 [main] com.testing.keyword.Keyword 
  INFO  explici wait applied
2020-Jul-01 10:47:16,386 [main] com.testing.keyword.Keyword 
  INFO  mouse hover and click perform
2020-Jul-01 10:47:16,387 [main] com.testing.keyword.Keyword 
  INFO  explici wait applied
