2020-Jul-01 15:37:49,393 [main] com.testing.keyword.Keyword 
  INFO  Open URL successfully
2020-Jul-01 15:37:51,565 [main] com.testing.keyword.Keyword 
  INFO  Window maximize 
2020-Jul-01 15:37:51,572 [main] com.testing.keyword.Keyword 
  INFO  implicit wait applied
2020-Jul-01 15:37:51,572 [main] com.snehal.tests.UniversalBabyTests 
  INFO  Successfully Open Flipkart Site....
2020-Jul-01 15:37:51,914 [main] com.snehal.pages.UniversalBabyPage 
  INFO  Login Popup close successfuly
2020-Jul-01 15:37:52,101 [main] com.testing.keyword.Keyword 
  INFO  It will just hover mouse
2020-Jul-01 15:37:52,101 [main] com.snehal.tests.UniversalBabyTests 
  INFO  Mouse hover on Baby and kids
2020-Jul-01 15:37:52,118 [main] com.testing.keyword.Keyword 
  INFO  explici wait applied
2020-Jul-01 15:37:52,405 [main] com.testing.keyword.Keyword 
  INFO  mouse hover and click perform
2020-Jul-01 15:37:52,488 [main] com.snehal.tests.UniversalBabyTests 
  INFO  Flipkart Logo is Displayed..
2020-Jul-01 15:37:52,895 [main] com.testing.keyword.Keyword 
  INFO  close browser successfuly
