2020-Jul-01 01:06:55,714 [main] com.testing.keyword.Keyword 
  INFO  Open URL successfully
2020-Jul-01 01:06:57,851 [main] com.testing.keyword.Keyword 
  INFO  Window maximize 
2020-Jul-01 01:06:57,851 [main] com.snehal.tests.UniversalBabyTests 
  INFO  Successfully Open Flipkart Site....
2020-Jul-01 01:06:58,175 [main] com.snehal.pages.UniversalBabyPage 
  INFO  Login Popup close successfuly
2020-Jul-01 01:06:58,335 [main] com.testing.keyword.Keyword 
  INFO  It will just hover mouse
2020-Jul-01 01:06:58,335 [main] com.snehal.tests.UniversalBabyTests 
  INFO  Mouse hover on Baby and kids
2020-Jul-01 01:06:58,358 [main] com.testing.keyword.Keyword 
  INFO  explici wait applied
2020-Jul-01 01:06:58,674 [main] com.testing.keyword.Keyword 
  INFO  mouse hover and click perform
2020-Jul-01 01:06:58,676 [main] com.testing.keyword.Keyword 
  INFO  explici wait applied
2020-Jul-01 01:06:59,170 [main] com.testing.keyword.Keyword 
  INFO  close browser successfuly
