2020-Jul-02 21:21:35,696 [main] com.testing.headerPage.testCases.OnlyWomenFirstTests 
  INFO  Browser open
2020-Jul-02 21:21:41,424 [main] com.testing.keyword.Keyword 
  INFO  Open URL successfully
2020-Jul-02 21:21:41,425 [main] com.testing.headerPage.testCases.OnlyWomenFirstTests 
  INFO  URL launch done
2020-Jul-02 21:21:43,801 [main] com.testing.keyword.Keyword 
  INFO  Window maximize 
2020-Jul-02 21:21:43,801 [main] com.testing.headerPage.testCases.OnlyWomenFirstTests 
  INFO  Window maximize
2020-Jul-02 21:21:43,816 [main] com.testing.keyword.Keyword 
  INFO  implicit wait applied
2020-Jul-02 21:21:46,258 [main] com.testing.keyword.Keyword 
  INFO  deleted cookies
2020-Jul-02 21:21:46,651 [main] com.testing.headerPage.testCases.OnlyWomenFirstTests 
  INFO  Pop-up close
2020-Jul-02 21:21:46,952 [main] com.testing.headerPage.testCases.OnlyWomenFirstTests 
  INFO  women tab selected
2020-Jul-02 21:21:47,379 [main] com.testing.headerPage.testCases.OnlyWomenFirstTests 
  INFO  Click on sarees in ethnic wear
2020-Jul-02 21:21:52,082 [main] com.testing.headerPage.testCases.OnlyWomenFirstTests 
  INFO  Checkbox is selected
2020-Jul-02 21:21:52,716 [main] com.testing.keyword.Keyword 
  INFO  close browser successfuly
