2020-Jun-18 16:07:37,059 [main] com.testing.keyword.Keyword 
  INFO  Open URL successfully
2020-Jun-18 16:07:39,881 [main] com.testing.keyword.Keyword 
  INFO  Window maximize 
2020-Jun-18 16:07:39,882 [main] com.testing.headerPage.testCases.LogInPageTests 
  INFO  URL launch successfully
2020-Jun-18 16:07:41,119 [main] com.testing.headerPage.testCases.LogInPageTests 
  INFO  Pop-Up close
2020-Jun-18 16:07:41,360 [main] com.testing.headerPage.testCases.LogInPageTests 
  INFO  logo click done
2020-Jun-18 16:07:41,641 [main] com.testing.headerPage.testCases.LogInPageTests 
  INFO  Log In Click
2020-Jun-18 16:07:42,157 [main] com.testing.headerPage.testCases.LogInPageTests 
  INFO  Entered email
2020-Jun-18 16:07:42,686 [main] com.testing.headerPage.testCases.LogInPageTests 
  INFO  Entered password
2020-Jun-18 16:07:42,987 [main] com.testing.headerPage.testCases.LogInPageTests 
  INFO  Click on log in submit
2020-Jun-18 16:07:43,293 [main] com.testing.headerPage.testCases.LogInPageTests 
  INFO  Product search successfully
2020-Jun-18 16:07:43,538 [main] com.testing.keyword.Keyword 
  INFO  explici wait applied
2020-Jun-18 16:07:47,016 [main] com.testing.headerPage.testCases.LogInPageTests 
  INFO  search button work fine
2020-Jun-18 16:07:47,745 [main] com.testing.keyword.Keyword 
  INFO  close browser successfuly
