2020-Jun-20 22:51:03,087 [main] com.testing.headerPage.testCases.OnlyWomenFirstTests 
  INFO  Browser open
2020-Jun-20 22:51:32,880 [main] com.testing.keyword.Keyword 
  INFO  Open URL successfully
2020-Jun-20 22:51:32,880 [main] com.testing.headerPage.testCases.OnlyWomenFirstTests 
  INFO  URL launch done
2020-Jun-20 22:51:35,239 [main] com.testing.keyword.Keyword 
  INFO  Window maximize 
2020-Jun-20 22:51:35,240 [main] com.testing.headerPage.testCases.OnlyWomenFirstTests 
  INFO  Window maximize
2020-Jun-20 22:51:38,422 [main] com.testing.keyword.Keyword 
  INFO  deleted cookies
2020-Jun-20 22:51:38,925 [main] com.testing.headerPage.testCases.OnlyWomenFirstTests 
  INFO  Pop-up close
2020-Jun-20 22:51:39,126 [main] com.testing.headerPage.testCases.OnlyWomenFirstTests 
  INFO  women tab selected
2020-Jun-20 22:51:39,600 [main] com.testing.keyword.Keyword 
  INFO  explici wait applied
2020-Jun-20 22:51:40,360 [main] com.testing.headerPage.testCases.OnlyWomenFirstTests 
  INFO  Logo click
2020-Jun-20 22:51:43,763 [main] com.testing.keyword.Keyword 
  INFO  close browser successfuly
