2020-Jul-01 00:02:14,937 [main] com.testing.keyword.Keyword 
  INFO  Open URL successfully
2020-Jul-01 00:02:17,120 [main] com.testing.keyword.Keyword 
  INFO  Window maximize 
2020-Jul-01 00:02:17,120 [main] com.snehal.tests.UniversalBabyTests 
  INFO  Successfully Open Flipkart Site....
2020-Jul-01 00:02:17,320 [main] com.snehal.pages.UniversalBabyPage 
  INFO  Login Popup close successfuly
2020-Jul-01 00:02:17,475 [main] com.testing.keyword.Keyword 
  INFO  It will just hover mouse
2020-Jul-01 00:02:17,475 [main] com.snehal.tests.UniversalBabyTests 
  INFO  Mouse hover on Baby&Kids
2020-Jul-01 00:02:17,491 [main] com.testing.keyword.Keyword 
  INFO  explici wait applied
2020-Jul-01 00:02:17,790 [main] com.testing.keyword.Keyword 
  INFO  mouse hover and click perform
2020-Jul-01 00:02:17,814 [main] com.testing.keyword.Keyword 
  INFO  explici wait applied
2020-Jul-01 00:02:18,053 [main] com.testing.keyword.Keyword 
  INFO  close browser successfuly
