2020-Jun-20 22:42:13,748 [main] com.testing.headerPage.testCases.OnlyWomenFirstTests 
  INFO  Browser open
2020-Jun-20 22:42:31,321 [main] com.testing.keyword.Keyword 
  INFO  Open URL successfully
2020-Jun-20 22:42:31,321 [main] com.testing.headerPage.testCases.OnlyWomenFirstTests 
  INFO  URL launch done
2020-Jun-20 22:42:31,381 [main] com.testing.keyword.Keyword 
  INFO  implicit wait applied
2020-Jun-20 22:42:33,624 [main] com.testing.keyword.Keyword 
  INFO  Window maximize 
2020-Jun-20 22:42:33,625 [main] com.testing.headerPage.testCases.OnlyWomenFirstTests 
  INFO  Window maximize
2020-Jun-20 22:42:36,200 [main] com.testing.keyword.Keyword 
  INFO  deleted cookies
2020-Jun-20 22:42:36,859 [main] com.testing.headerPage.testCases.OnlyWomenFirstTests 
  INFO  Pop-up close
2020-Jun-20 22:42:39,011 [main] com.testing.headerPage.testCases.OnlyWomenFirstTests 
  INFO  women tab selected
2020-Jun-20 22:42:39,453 [main] com.testing.keyword.Keyword 
  INFO  explici wait applied
2020-Jun-20 22:42:43,884 [main] com.testing.headerPage.testCases.OnlyWomenFirstTests 
  INFO  Logo click
2020-Jun-20 22:42:44,748 [main] com.testing.keyword.Keyword 
  INFO  close browser successfuly
