2020-Jul-01 16:48:30,141 [main] com.testing.keyword.Keyword 
  INFO  Open URL successfully
2020-Jul-01 16:48:32,354 [main] com.testing.keyword.Keyword 
  INFO  Window maximize 
2020-Jul-01 16:48:32,365 [main] com.testing.keyword.Keyword 
  INFO  implicit wait applied
2020-Jul-01 16:48:32,366 [main] com.snehal.tests.UniversalBabyTests 
  INFO  Successfully Open Flipkart Site....
2020-Jul-01 16:48:32,648 [main] com.snehal.pages.UniversalBabyPage 
  INFO  Login Popup close successfuly
2020-Jul-01 16:48:32,860 [main] com.testing.keyword.Keyword 
  INFO  It will just hover mouse
2020-Jul-01 16:48:32,861 [main] com.snehal.tests.UniversalBabyTests 
  INFO  Mouse hover on Baby and kids
2020-Jul-01 16:48:32,879 [main] com.testing.keyword.Keyword 
  INFO  explici wait applied
2020-Jul-01 16:48:33,163 [main] com.testing.keyword.Keyword 
  INFO  mouse hover and click perform
2020-Jul-01 16:48:37,252 [main] com.snehal.tests.UniversalBabyTests 
  INFO  Flipkart Logo is Displayed..
2020-Jul-01 16:48:37,473 [main] com.testing.keyword.Keyword 
  INFO  It will just hover mouse
2020-Jul-01 16:48:37,474 [main] com.snehal.tests.UniversalBabyTests 
  INFO  Mouse hover on Baby and kids
2020-Jul-01 16:48:37,474 [main] com.testing.keyword.Keyword 
  INFO  explici wait applied
2020-Jul-01 16:48:41,947 [main] com.testing.keyword.Keyword 
  INFO  close browser successfuly
