2020-Jun-30 22:47:36,899 [main] com.testing.headerPage.testCases.OnlyWomenFirstTests 
  INFO  Browser open
2020-Jun-30 22:47:51,712 [main] com.testing.keyword.Keyword 
  INFO  Open URL successfully
2020-Jun-30 22:47:51,713 [main] com.testing.headerPage.testCases.OnlyWomenFirstTests 
  INFO  URL launch done
2020-Jun-30 22:47:54,385 [main] com.testing.keyword.Keyword 
  INFO  Window maximize 
2020-Jun-30 22:47:54,385 [main] com.testing.headerPage.testCases.OnlyWomenFirstTests 
  INFO  Window maximize
2020-Jun-30 22:47:54,425 [main] com.testing.keyword.Keyword 
  INFO  implicit wait applied
2020-Jun-30 22:47:55,982 [main] com.testing.keyword.Keyword 
  INFO  deleted cookies
2020-Jun-30 22:47:57,202 [main] com.testing.headerPage.testCases.OnlyWomenFirstTests 
  INFO  Pop-up close
2020-Jun-30 22:47:57,499 [main] com.testing.headerPage.testCases.OnlyWomenFirstTests 
  INFO  women tab selected
2020-Jun-30 22:47:58,654 [main] com.testing.headerPage.testCases.OnlyWomenFirstTests 
  INFO  Click on sarees in ethnic wear
2020-Jun-30 22:47:58,893 [main] com.testing.keyword.Keyword 
  INFO  explici wait applied
