2020-Jun-30 22:15:29,364 [main] com.testing.keyword.Keyword 
  INFO  Open URL successfully
2020-Jun-30 22:15:31,549 [main] com.testing.keyword.Keyword 
  INFO  Window maximize 
2020-Jun-30 22:15:31,549 [main] com.snehal.tests.UniversalBabyTests 
  INFO  Successfully Open Flipkart Site....
2020-Jun-30 22:15:31,783 [main] com.snehal.pages.UniversalBabyPage 
  INFO  Login Popup close successfuly
2020-Jun-30 22:15:31,807 [main] com.testing.keyword.Keyword 
  INFO  explici wait applied
2020-Jun-30 22:15:31,993 [main] com.testing.keyword.Keyword 
  INFO  It will just hover mouse
2020-Jun-30 22:15:31,993 [main] com.snehal.tests.UniversalBabyTests 
  INFO  Mouse hover on Baby&Kids
2020-Jun-30 22:15:36,454 [main] com.testing.keyword.Keyword 
  INFO  close browser successfuly
2020-Jun-30 22:15:48,047 [main] com.testing.keyword.Keyword 
  INFO  Open URL successfully
2020-Jun-30 22:15:50,262 [main] com.testing.keyword.Keyword 
  INFO  Window maximize 
2020-Jun-30 22:15:50,262 [main] com.snehal.tests.UniversalBabyTests 
  INFO  Successfully Open Flipkart Site....
2020-Jun-30 22:15:50,430 [main] com.snehal.pages.UniversalBabyPage 
  INFO  Login Popup close successfuly
2020-Jun-30 22:15:50,853 [main] com.testing.keyword.Keyword 
  INFO  close browser successfuly
