2020-Jul-02 21:19:29,288 [main] com.testing.headerPage.testCases.OnlyWomenFirstTests 
  INFO  Browser open
2020-Jul-02 21:19:35,614 [main] com.testing.keyword.Keyword 
  INFO  Open URL successfully
2020-Jul-02 21:19:35,615 [main] com.testing.headerPage.testCases.OnlyWomenFirstTests 
  INFO  URL launch done
2020-Jul-02 21:19:38,041 [main] com.testing.keyword.Keyword 
  INFO  Window maximize 
2020-Jul-02 21:19:38,041 [main] com.testing.headerPage.testCases.OnlyWomenFirstTests 
  INFO  Window maximize
2020-Jul-02 21:19:38,078 [main] com.testing.keyword.Keyword 
  INFO  implicit wait applied
2020-Jul-02 21:19:43,086 [main] com.testing.keyword.Keyword 
  INFO  deleted cookies
2020-Jul-02 21:19:43,400 [main] com.testing.headerPage.testCases.OnlyWomenFirstTests 
  INFO  Pop-up close
2020-Jul-02 21:19:43,608 [main] com.testing.headerPage.testCases.OnlyWomenFirstTests 
  INFO  women tab selected
2020-Jul-02 21:19:44,131 [main] com.testing.headerPage.testCases.OnlyWomenFirstTests 
  INFO  Click on sarees in ethnic wear
2020-Jul-02 21:19:53,942 [main] com.testing.keyword.Keyword 
  INFO  close browser successfuly
