2020-Jul-01 00:34:08,828 [main] com.testing.keyword.Keyword 
  INFO  Open URL successfully
2020-Jul-01 00:34:11,018 [main] com.testing.keyword.Keyword 
  INFO  Window maximize 
2020-Jul-01 00:34:11,022 [main] com.snehal.tests.UniversalBabyTests 
  INFO  Successfully Open Flipkart Site....
2020-Jul-01 00:34:11,345 [main] com.snehal.pages.UniversalBabyPage 
  INFO  Login Popup close successfuly
2020-Jul-01 00:34:11,522 [main] com.testing.keyword.Keyword 
  INFO  It will just hover mouse
2020-Jul-01 00:34:11,522 [main] com.snehal.tests.UniversalBabyTests 
  INFO  Mouse hover on Baby&Kids
2020-Jul-01 00:34:11,538 [main] com.testing.keyword.Keyword 
  INFO  explici wait applied
2020-Jul-01 00:34:11,789 [main] com.testing.keyword.Keyword 
  INFO  mouse hover and click perform
2020-Jul-01 00:34:11,889 [main] com.testing.keyword.Keyword 
  INFO  explici wait applied
2020-Jul-01 00:34:11,889 [main] com.testing.keyword.Keyword 
  INFO  explici wait applied
2020-Jul-01 00:34:12,158 [main] com.testing.keyword.Keyword 
  INFO  close browser successfuly
