2020-Jul-02 21:13:35,622 [main] com.testing.headerPage.testCases.OnlyWomenFirstTests 
  INFO  Browser open
2020-Jul-02 21:13:47,539 [main] com.testing.keyword.Keyword 
  INFO  Open URL successfully
2020-Jul-02 21:13:47,539 [main] com.testing.headerPage.testCases.OnlyWomenFirstTests 
  INFO  URL launch done
2020-Jul-02 21:13:49,929 [main] com.testing.keyword.Keyword 
  INFO  Window maximize 
2020-Jul-02 21:13:49,930 [main] com.testing.headerPage.testCases.OnlyWomenFirstTests 
  INFO  Window maximize
2020-Jul-02 21:13:49,961 [main] com.testing.keyword.Keyword 
  INFO  implicit wait applied
2020-Jul-02 21:13:51,767 [main] com.testing.keyword.Keyword 
  INFO  deleted cookies
2020-Jul-02 21:13:52,580 [main] com.testing.headerPage.testCases.OnlyWomenFirstTests 
  INFO  Pop-up close
2020-Jul-02 21:13:52,942 [main] com.testing.headerPage.testCases.OnlyWomenFirstTests 
  INFO  women tab selected
2020-Jul-02 21:13:53,967 [main] com.testing.headerPage.testCases.OnlyWomenFirstTests 
  INFO  Click on sarees in ethnic wear
2020-Jul-02 21:13:54,264 [main] com.testing.keyword.Keyword 
  INFO  explici wait applied
2020-Jul-02 21:13:59,979 [main] com.testing.headerPage.testCases.OnlyWomenFirstTests 
  INFO  Filter is clicked
