2020-Jul-01 15:39:18,793 [main] com.testing.keyword.Keyword 
  INFO  Open URL successfully
2020-Jul-01 15:39:20,957 [main] com.testing.keyword.Keyword 
  INFO  Window maximize 
2020-Jul-01 15:39:20,965 [main] com.testing.keyword.Keyword 
  INFO  implicit wait applied
2020-Jul-01 15:39:20,965 [main] com.snehal.tests.UniversalBabyTests 
  INFO  Successfully Open Flipkart Site....
2020-Jul-01 15:39:21,241 [main] com.snehal.pages.UniversalBabyPage 
  INFO  Login Popup close successfuly
2020-Jul-01 15:39:21,436 [main] com.testing.keyword.Keyword 
  INFO  It will just hover mouse
2020-Jul-01 15:39:21,437 [main] com.snehal.tests.UniversalBabyTests 
  INFO  Mouse hover on Baby and kids
2020-Jul-01 15:39:21,454 [main] com.testing.keyword.Keyword 
  INFO  explici wait applied
2020-Jul-01 15:39:21,765 [main] com.testing.keyword.Keyword 
  INFO  mouse hover and click perform
2020-Jul-01 15:39:21,845 [main] com.snehal.tests.UniversalBabyTests 
  INFO  Flipkart Logo is Displayed..
2020-Jul-01 15:39:22,191 [main] com.testing.keyword.Keyword 
  INFO  close browser successfuly
2020-Jul-01 15:39:35,060 [main] com.testing.keyword.Keyword 
  INFO  Open URL successfully
2020-Jul-01 15:39:37,277 [main] com.testing.keyword.Keyword 
  INFO  Window maximize 
2020-Jul-01 15:39:37,294 [main] com.testing.keyword.Keyword 
  INFO  implicit wait applied
2020-Jul-01 15:39:37,294 [main] com.snehal.tests.UniversalBabyTests 
  INFO  Successfully Open Flipkart Site....
2020-Jul-01 15:39:37,492 [main] com.snehal.pages.UniversalBabyPage 
  INFO  Login Popup close successfuly
2020-Jul-01 15:39:37,910 [main] com.testing.keyword.Keyword 
  INFO  close browser successfuly
2020-Jul-01 15:39:50,405 [main] com.testing.keyword.Keyword 
  INFO  Open URL successfully
2020-Jul-01 15:39:52,571 [main] com.testing.keyword.Keyword 
  INFO  Window maximize 
2020-Jul-01 15:39:52,576 [main] com.testing.keyword.Keyword 
  INFO  implicit wait applied
2020-Jul-01 15:39:52,576 [main] com.snehal.tests.UniversalBabyTests 
  INFO  Successfully Open Flipkart Site....
2020-Jul-01 15:39:52,683 [main] com.snehal.pages.UniversalBabyPage 
  INFO  Login Popup close successfuly
2020-Jul-01 15:39:52,840 [main] com.testing.keyword.Keyword 
  INFO  It will just hover mouse
2020-Jul-01 15:39:52,840 [main] com.snehal.tests.UniversalBabyTests 
  INFO  Mouse hover on Baby and kids
2020-Jul-01 15:39:52,840 [main] com.testing.keyword.Keyword 
  INFO  explici wait applied
2020-Jul-01 15:39:57,134 [main] com.testing.keyword.Keyword 
  INFO  close browser successfuly
