2020-Jun-20 21:38:25,931 [main] com.testing.headerPage.testCases.SignInTests 
  INFO  Browser open
2020-Jun-20 21:38:35,042 [main] com.testing.keyword.Keyword 
  INFO  Open URL successfully
2020-Jun-20 21:38:35,042 [main] com.testing.headerPage.testCases.SignInTests 
  INFO  URL launch done
2020-Jun-20 21:38:35,091 [main] com.testing.keyword.Keyword 
  INFO  implicit wait applied
2020-Jun-20 21:38:37,776 [main] com.testing.keyword.Keyword 
  INFO  Window maximize 
2020-Jun-20 21:38:37,777 [main] com.testing.headerPage.testCases.SignInTests 
  INFO  Window maximize
2020-Jun-20 21:38:39,563 [main] com.testing.keyword.Keyword 
  INFO  deleted cookies
2020-Jun-20 21:38:40,407 [main] com.testing.headerPage.testCases.SignInTests 
  INFO  Pop-up closed
2020-Jun-20 21:38:40,635 [main] com.testing.headerPage.testCases.SignInTests 
  INFO  LogIn click
2020-Jun-20 21:38:40,822 [main] com.testing.headerPage.testCases.SignInTests 
  INFO  click on sigIn
2020-Jun-20 21:38:41,432 [main] com.testing.headerPage.testCases.SignInTests 
  INFO  Enter Mob no
2020-Jun-20 21:38:41,649 [main] com.testing.keyword.Keyword 
  INFO  explici wait applied
2020-Jun-20 21:38:41,908 [main] com.testing.headerPage.testCases.SignInTests 
  INFO  click on continue
2020-Jun-20 21:38:43,329 [main] com.testing.headerPage.testCases.SignInTests 
  INFO  OTP enter successfully
2020-Jun-20 21:38:43,817 [main] com.testing.headerPage.testCases.SignInTests 
  INFO  Password entered
2020-Jun-20 21:38:44,045 [main] com.testing.headerPage.testCases.SignInTests 
  INFO  Sign In Button clicked
2020-Jun-20 21:38:44,307 [main] com.testing.headerPage.testCases.SignInTests 
  INFO  Error msg displayed
