2020-Jul-01 17:15:02,440 [main] com.testing.keyword.Keyword 
  INFO  Open URL successfully
2020-Jul-01 17:15:04,613 [main] com.testing.keyword.Keyword 
  INFO  Window maximize 
2020-Jul-01 17:15:04,618 [main] com.testing.keyword.Keyword 
  INFO  implicit wait applied
2020-Jul-01 17:15:04,619 [main] com.snehal.tests.UniversalBabyTests 
  INFO  Successfully Open Flipkart Site....
2020-Jul-01 17:15:04,833 [main] com.snehal.pages.UniversalBabyPage 
  INFO  Login Popup close successfuly
2020-Jul-01 17:15:05,012 [main] com.testing.keyword.Keyword 
  INFO  It will just hover mouse
2020-Jul-01 17:15:05,012 [main] com.snehal.tests.UniversalBabyTests 
  INFO  Mouse hover on Baby and kids
2020-Jul-01 17:15:05,032 [main] com.testing.keyword.Keyword 
  INFO  explici wait applied
2020-Jul-01 17:15:05,392 [main] com.testing.keyword.Keyword 
  INFO  mouse hover and click perform
2020-Jul-01 17:15:09,479 [main] com.snehal.tests.UniversalBabyTests 
  INFO  Flipkart Logo is Displayed..
2020-Jul-01 17:15:09,701 [main] com.testing.keyword.Keyword 
  INFO  It will just hover mouse
2020-Jul-01 17:15:09,701 [main] com.snehal.tests.UniversalBabyTests 
  INFO  Mouse hover on Baby and kids
2020-Jul-01 17:15:09,701 [main] com.testing.keyword.Keyword 
  INFO  explici wait applied
2020-Jul-01 17:15:11,477 [main] com.testing.keyword.Keyword 
  INFO  close browser successfuly
