2020-Jun-30 20:59:42,066 [main] com.testing.headerPage.testCases.OnlyWomenFirstTests 
  INFO  Browser open
2020-Jun-30 20:59:48,598 [main] com.testing.keyword.Keyword 
  INFO  Open URL successfully
2020-Jun-30 20:59:48,599 [main] com.testing.headerPage.testCases.OnlyWomenFirstTests 
  INFO  URL launch done
2020-Jun-30 20:59:50,880 [main] com.testing.keyword.Keyword 
  INFO  Window maximize 
2020-Jun-30 20:59:50,881 [main] com.testing.headerPage.testCases.OnlyWomenFirstTests 
  INFO  Window maximize
2020-Jun-30 20:59:52,629 [main] com.testing.keyword.Keyword 
  INFO  deleted cookies
2020-Jun-30 20:59:53,216 [main] com.testing.headerPage.testCases.OnlyWomenFirstTests 
  INFO  Pop-up close
2020-Jun-30 20:59:53,485 [main] com.testing.headerPage.testCases.OnlyWomenFirstTests 
  INFO  women tab selected
2020-Jun-30 20:59:54,060 [main] com.testing.headerPage.testCases.OnlyWomenFirstTests 
  INFO  Click on sarees in ethnic wear
2020-Jun-30 20:59:54,093 [main] com.testing.keyword.Keyword 
  INFO  explici wait applied
