2020-Jun-18 16:13:01,523 [main] com.testing.keyword.Keyword 
  INFO  Open URL successfully
2020-Jun-18 16:13:03,772 [main] com.testing.keyword.Keyword 
  INFO  Window maximize 
2020-Jun-18 16:13:03,773 [main] com.testing.headerPage.testCases.LogInPageTests 
  INFO  URL launch successfully
2020-Jun-18 16:13:04,213 [main] com.testing.headerPage.testCases.LogInPageTests 
  INFO  Pop-Up close
2020-Jun-18 16:13:04,510 [main] com.testing.headerPage.testCases.LogInPageTests 
  INFO  logo click done
2020-Jun-18 16:13:04,783 [main] com.testing.headerPage.testCases.LogInPageTests 
  INFO  Log In Click
2020-Jun-18 16:13:05,117 [main] com.testing.headerPage.testCases.LogInPageTests 
  INFO  Entered email
2020-Jun-18 16:13:05,420 [main] com.testing.headerPage.testCases.LogInPageTests 
  INFO  Entered password
2020-Jun-18 16:13:05,633 [main] com.testing.headerPage.testCases.LogInPageTests 
  INFO  Click on log in submit
2020-Jun-18 16:13:06,041 [main] com.testing.headerPage.testCases.LogInPageTests 
  INFO  Product search successfully
2020-Jun-18 16:13:06,082 [main] com.testing.keyword.Keyword 
  INFO  explici wait applied
2020-Jun-18 16:13:08,923 [main] com.testing.keyword.Keyword 
  INFO  close browser successfuly
