2020-Jun-30 22:55:07,079 [main] com.testing.keyword.Keyword 
  INFO  Open URL successfully
2020-Jun-30 22:55:09,272 [main] com.testing.keyword.Keyword 
  INFO  Window maximize 
2020-Jun-30 22:55:09,272 [main] com.snehal.tests.UniversalBabyTests 
  INFO  Successfully Open Flipkart Site....
2020-Jun-30 22:55:09,598 [main] com.snehal.pages.UniversalBabyPage 
  INFO  Login Popup close successfuly
2020-Jun-30 22:55:09,796 [main] com.testing.keyword.Keyword 
  INFO  It will just hover mouse
2020-Jun-30 22:55:09,796 [main] com.snehal.tests.UniversalBabyTests 
  INFO  Mouse hover on Baby&Kids
2020-Jun-30 22:55:09,820 [main] com.testing.keyword.Keyword 
  INFO  explici wait applied
2020-Jun-30 22:55:10,150 [main] com.testing.keyword.Keyword 
  INFO  mouse hover and click perform
2020-Jun-30 22:55:10,154 [main] com.testing.keyword.Keyword 
  INFO  explici wait applied
2020-Jun-30 22:55:10,677 [main] com.testing.keyword.Keyword 
  INFO  close browser successfuly
