2020-Jun-24 22:55:08,332 [main] com.testing.keyword.Keyword 
  INFO  Open URL successfully
2020-Jun-24 22:55:10,507 [main] com.testing.keyword.Keyword 
  INFO  Window maximize 
2020-Jun-24 22:55:10,507 [main] com.snehal.tests.UniversalBabyTests 
  INFO  Successfully Open Flipkart Site....
2020-Jun-24 22:55:10,682 [main] com.snehal.pages.UniversalBabyPage 
  INFO  Login Popup close successfuly
2020-Jun-24 22:55:10,893 [main] com.testing.keyword.Keyword 
  INFO  close browser successfuly
2020-Jun-24 22:55:17,969 [main] com.testing.keyword.Keyword 
  INFO  Open URL successfully
2020-Jun-24 22:55:20,161 [main] com.testing.keyword.Keyword 
  INFO  Window maximize 
2020-Jun-24 22:55:20,161 [main] com.snehal.tests.UniversalBabyTests 
  INFO  Successfully Open Flipkart Site....
2020-Jun-24 22:55:20,339 [main] com.snehal.pages.UniversalBabyPage 
  INFO  Login Popup close successfuly
2020-Jun-24 22:55:20,363 [main] com.testing.keyword.Keyword 
  INFO  explici wait applied
2020-Jun-24 22:55:20,537 [main] com.testing.keyword.Keyword 
  INFO  It will just hover mouse
2020-Jun-24 22:55:20,537 [main] com.snehal.tests.UniversalBabyTests 
  INFO  Mouse hover on Baby and kids
2020-Jun-24 22:55:20,537 [main] com.testing.keyword.Keyword 
  INFO  explici wait applied
2020-Jun-24 22:55:20,802 [main] com.testing.keyword.Keyword 
  INFO  mouse hover and click perform
2020-Jun-24 22:55:20,952 [main] com.snehal.tests.UniversalBabyTests 
  INFO  Flipkart Logo is Displayed..
2020-Jun-24 22:55:21,477 [main] com.testing.keyword.Keyword 
  INFO  close browser successfuly
