2020-Jun-30 20:24:07,520 [main] com.testing.headerPage.testCases.OnlyWomenFirstTests 
  INFO  Browser open
2020-Jun-30 20:24:15,206 [main] com.testing.keyword.Keyword 
  INFO  Open URL successfully
2020-Jun-30 20:24:15,207 [main] com.testing.headerPage.testCases.OnlyWomenFirstTests 
  INFO  URL launch done
2020-Jun-30 20:24:18,571 [main] com.testing.keyword.Keyword 
  INFO  Window maximize 
2020-Jun-30 20:24:18,571 [main] com.testing.headerPage.testCases.OnlyWomenFirstTests 
  INFO  Window maximize
2020-Jun-30 20:24:20,769 [main] com.testing.keyword.Keyword 
  INFO  deleted cookies
2020-Jun-30 20:24:21,622 [main] com.testing.headerPage.testCases.OnlyWomenFirstTests 
  INFO  Pop-up close
2020-Jun-30 20:24:21,849 [main] com.testing.headerPage.testCases.OnlyWomenFirstTests 
  INFO  women tab selected
2020-Jun-30 20:24:22,511 [main] com.testing.headerPage.testCases.OnlyWomenFirstTests 
  INFO  Click on sarees in ethnic wear
2020-Jun-30 20:24:22,718 [main] com.testing.keyword.Keyword 
  INFO  explici wait applied
