2020-Jun-30 22:10:03,706 [main] com.testing.keyword.Keyword 
  INFO  Open URL successfully
2020-Jun-30 22:10:05,852 [main] com.testing.keyword.Keyword 
  INFO  Window maximize 
2020-Jun-30 22:10:05,852 [main] com.snehal.tests.UniversalBabyTests 
  INFO  Successfully Open Flipkart Site....
2020-Jun-30 22:10:05,989 [main] com.snehal.pages.UniversalBabyPage 
  INFO  Login Popup close successfuly
2020-Jun-30 22:10:06,165 [main] com.testing.keyword.Keyword 
  INFO  explici wait applied
2020-Jun-30 22:10:06,326 [main] com.testing.keyword.Keyword 
  INFO  It will just hover mouse
2020-Jun-30 22:10:06,326 [main] com.snehal.tests.UniversalBabyTests 
  INFO  Mouse hover on Baby&Kids
2020-Jun-30 22:10:10,764 [main] com.testing.keyword.Keyword 
  INFO  close browser successfuly
2020-Jun-30 22:10:31,602 [main] com.testing.keyword.Keyword 
  INFO  Open URL successfully
2020-Jun-30 22:10:33,739 [main] com.testing.keyword.Keyword 
  INFO  Window maximize 
2020-Jun-30 22:10:33,739 [main] com.snehal.tests.UniversalBabyTests 
  INFO  Successfully Open Flipkart Site....
2020-Jun-30 22:10:33,961 [main] com.snehal.pages.UniversalBabyPage 
  INFO  Login Popup close successfuly
2020-Jun-30 22:10:34,105 [main] com.testing.keyword.Keyword 
  INFO  It will just hover mouse
2020-Jun-30 22:10:34,105 [main] com.snehal.tests.UniversalBabyTests 
  INFO  Mouse hover on Baby and kids
2020-Jun-30 22:10:38,529 [main] com.testing.keyword.Keyword 
  INFO  close browser successfuly
2020-Jun-30 22:10:51,064 [main] com.testing.keyword.Keyword 
  INFO  Open URL successfully
2020-Jun-30 22:10:53,215 [main] com.testing.keyword.Keyword 
  INFO  Window maximize 
2020-Jun-30 22:10:53,216 [main] com.snehal.tests.UniversalBabyTests 
  INFO  Successfully Open Flipkart Site....
2020-Jun-30 22:10:53,424 [main] com.snehal.pages.UniversalBabyPage 
  INFO  Login Popup close successfuly
2020-Jun-30 22:10:53,424 [main] com.testing.keyword.Keyword 
  INFO  explici wait applied
2020-Jun-30 22:10:53,857 [main] com.testing.keyword.Keyword 
  INFO  close browser successfuly
