2020-Jun-24 22:45:16,532 [main] com.testing.keyword.Keyword 
  INFO  Open URL successfully
2020-Jun-24 22:45:18,706 [main] com.testing.keyword.Keyword 
  INFO  Window maximize 
2020-Jun-24 22:45:18,706 [main] com.snehal.tests.UniversalBabyTests 
  INFO  Successfully Open Flipkart Site....
2020-Jun-24 22:45:18,914 [main] com.snehal.pages.UniversalBabyPage 
  INFO  Login Popup close successfuly
2020-Jun-24 22:45:18,922 [main] com.testing.keyword.Keyword 
  INFO  explici wait applied
2020-Jun-24 22:45:19,103 [main] com.testing.keyword.Keyword 
  INFO  It will just hover mouse
2020-Jun-24 22:45:19,103 [main] com.snehal.tests.UniversalBabyTests 
  INFO  Mouse hover on Baby and kids
2020-Jun-24 22:45:19,103 [main] com.testing.keyword.Keyword 
  INFO  explici wait applied
2020-Jun-24 22:45:19,336 [main] com.testing.keyword.Keyword 
  INFO  mouse hover and click perform
2020-Jun-24 22:45:19,420 [main] com.snehal.tests.UniversalBabyTests 
  INFO  Flipkart Logo is Displayed..
2020-Jun-24 22:45:19,753 [main] com.testing.keyword.Keyword 
  INFO  close browser successfuly
