2020-Jun-18 16:09:06,362 [main] com.testing.keyword.Keyword 
  INFO  Open URL successfully
2020-Jun-18 16:09:09,405 [main] com.testing.keyword.Keyword 
  INFO  Window maximize 
2020-Jun-18 16:09:09,406 [main] com.testing.headerPage.testCases.LogInPageTests 
  INFO  URL launch successfully
2020-Jun-18 16:09:10,591 [main] com.testing.headerPage.testCases.LogInPageTests 
  INFO  Pop-Up close
2020-Jun-18 16:09:11,013 [main] com.testing.headerPage.testCases.LogInPageTests 
  INFO  logo click done
2020-Jun-18 16:09:11,387 [main] com.testing.headerPage.testCases.LogInPageTests 
  INFO  Log In Click
2020-Jun-18 16:09:11,839 [main] com.testing.headerPage.testCases.LogInPageTests 
  INFO  Entered email
2020-Jun-18 16:09:12,163 [main] com.testing.headerPage.testCases.LogInPageTests 
  INFO  Entered password
2020-Jun-18 16:09:12,581 [main] com.testing.headerPage.testCases.LogInPageTests 
  INFO  Click on log in submit
2020-Jun-18 16:09:12,977 [main] com.testing.headerPage.testCases.LogInPageTests 
  INFO  Product search successfully
2020-Jun-18 16:09:13,221 [main] com.testing.keyword.Keyword 
  INFO  explici wait applied
2020-Jun-18 16:09:14,167 [main] com.testing.keyword.Keyword 
  INFO  close browser successfuly
