2020-Jun-24 22:43:26,251 [main] com.testing.keyword.Keyword 
  INFO  Open URL successfully
2020-Jun-24 22:43:28,454 [main] com.testing.keyword.Keyword 
  INFO  Window maximize 
2020-Jun-24 22:43:28,454 [main] com.snehal.tests.UniversalBabyTests 
  INFO  Successfully Open Flipkart Site....
2020-Jun-24 22:43:28,660 [main] com.snehal.pages.UniversalBabyPage 
  INFO  Login Popup close successfuly
2020-Jun-24 22:43:28,675 [main] com.testing.keyword.Keyword 
  INFO  explici wait applied
2020-Jun-24 22:43:28,836 [main] com.testing.keyword.Keyword 
  INFO  It will just hover mouse
2020-Jun-24 22:43:28,836 [main] com.snehal.tests.UniversalBabyTests 
  INFO  Mouse hover on Baby and kids
2020-Jun-24 22:43:28,836 [main] com.testing.keyword.Keyword 
  INFO  explici wait applied
2020-Jun-24 22:43:29,072 [main] com.testing.keyword.Keyword 
  INFO  mouse hover and click perform
2020-Jun-24 22:43:29,153 [main] com.snehal.tests.UniversalBabyTests 
  INFO  Flipkart Logo is Displayed..
2020-Jun-24 22:43:29,330 [main] com.testing.keyword.Keyword 
  INFO  close browser successfuly
