2020-Jun-30 22:55:50,210 [main] com.testing.keyword.Keyword 
  INFO  Open URL successfully
2020-Jun-30 22:55:52,409 [main] com.testing.keyword.Keyword 
  INFO  Window maximize 
2020-Jun-30 22:55:52,409 [main] com.snehal.tests.UniversalBabyTests 
  INFO  Successfully Open Flipkart Site....
2020-Jun-30 22:55:52,761 [main] com.snehal.pages.UniversalBabyPage 
  INFO  Login Popup close successfuly
2020-Jun-30 22:55:52,964 [main] com.testing.keyword.Keyword 
  INFO  It will just hover mouse
2020-Jun-30 22:55:52,964 [main] com.snehal.tests.UniversalBabyTests 
  INFO  Mouse hover on Baby&Kids
2020-Jun-30 22:55:52,980 [main] com.testing.keyword.Keyword 
  INFO  explici wait applied
2020-Jun-30 22:55:53,294 [main] com.testing.keyword.Keyword 
  INFO  mouse hover and click perform
2020-Jun-30 22:55:53,294 [main] com.testing.keyword.Keyword 
  INFO  explici wait applied
2020-Jun-30 22:55:53,564 [main] com.testing.keyword.Keyword 
  INFO  close browser successfuly
