2020-Jul-01 00:30:47,309 [main] com.testing.keyword.Keyword 
  INFO  Open URL successfully
2020-Jul-01 00:30:49,530 [main] com.testing.keyword.Keyword 
  INFO  Window maximize 
2020-Jul-01 00:30:49,530 [main] com.snehal.tests.UniversalBabyTests 
  INFO  Successfully Open Flipkart Site....
2020-Jul-01 00:30:49,858 [main] com.snehal.pages.UniversalBabyPage 
  INFO  Login Popup close successfuly
2020-Jul-01 00:30:50,038 [main] com.testing.keyword.Keyword 
  INFO  It will just hover mouse
2020-Jul-01 00:30:50,038 [main] com.snehal.tests.UniversalBabyTests 
  INFO  Mouse hover on Baby&Kids
2020-Jul-01 00:30:50,054 [main] com.testing.keyword.Keyword 
  INFO  explici wait applied
2020-Jul-01 00:30:50,332 [main] com.testing.keyword.Keyword 
  INFO  mouse hover and click perform
2020-Jul-01 00:30:50,332 [main] com.testing.keyword.Keyword 
  INFO  explici wait applied
2020-Jul-01 00:30:50,614 [main] com.testing.keyword.Keyword 
  INFO  close browser successfuly
