2020-Jun-18 16:00:20,653 [main] com.testing.keyword.Keyword 
  INFO  Open URL successfully
2020-Jun-18 16:00:22,930 [main] com.testing.keyword.Keyword 
  INFO  Window maximize 
2020-Jun-18 16:00:22,930 [main] com.testing.headerPage.testCases.LogInPageTests 
  INFO  URL launch successfully
2020-Jun-18 16:00:23,534 [main] com.testing.headerPage.testCases.LogInPageTests 
  INFO  Pop-Up close
2020-Jun-18 16:00:23,970 [main] com.testing.headerPage.testCases.LogInPageTests 
  INFO  logo click done
2020-Jun-18 16:00:24,478 [main] com.testing.headerPage.testCases.LogInPageTests 
  INFO  Log In Click
2020-Jun-18 16:00:24,727 [main] com.testing.headerPage.testCases.LogInPageTests 
  INFO  Entered email
2020-Jun-18 16:00:24,942 [main] com.testing.headerPage.testCases.LogInPageTests 
  INFO  Entered password
2020-Jun-18 16:00:25,090 [main] com.testing.headerPage.testCases.LogInPageTests 
  INFO  Click on log in submit
2020-Jun-18 16:00:25,382 [main] com.testing.headerPage.testCases.LogInPageTests 
  INFO  Product search successfully
2020-Jun-18 16:00:27,047 [main] com.testing.keyword.Keyword 
  INFO  close browser successfuly
