2020-Jul-01 00:36:25,889 [main] com.testing.keyword.Keyword 
  INFO  Open URL successfully
2020-Jul-01 00:36:28,070 [main] com.testing.keyword.Keyword 
  INFO  Window maximize 
2020-Jul-01 00:36:28,070 [main] com.snehal.tests.UniversalBabyTests 
  INFO  Successfully Open Flipkart Site....
2020-Jul-01 00:36:28,317 [main] com.snehal.pages.UniversalBabyPage 
  INFO  Login Popup close successfuly
2020-Jul-01 00:36:28,505 [main] com.testing.keyword.Keyword 
  INFO  It will just hover mouse
2020-Jul-01 00:36:28,505 [main] com.snehal.tests.UniversalBabyTests 
  INFO  Mouse hover on Baby&Kids
2020-Jul-01 00:36:28,521 [main] com.testing.keyword.Keyword 
  INFO  explici wait applied
2020-Jul-01 00:36:28,758 [main] com.testing.keyword.Keyword 
  INFO  mouse hover and click perform
2020-Jul-01 00:36:28,762 [main] com.testing.keyword.Keyword 
  INFO  explici wait applied
2020-Jul-01 00:36:28,974 [main] com.testing.keyword.Keyword 
  INFO  close browser successfuly
