2020-Jul-01 01:11:47,685 [main] com.testing.keyword.Keyword 
  INFO  Open URL successfully
2020-Jul-01 01:11:49,825 [main] com.testing.keyword.Keyword 
  INFO  Window maximize 
2020-Jul-01 01:11:49,825 [main] com.snehal.tests.UniversalBabyTests 
  INFO  Successfully Open Flipkart Site....
2020-Jul-01 01:11:50,042 [main] com.snehal.pages.UniversalBabyPage 
  INFO  Login Popup close successfuly
2020-Jul-01 01:11:50,213 [main] com.testing.keyword.Keyword 
  INFO  It will just hover mouse
2020-Jul-01 01:11:50,213 [main] com.snehal.tests.UniversalBabyTests 
  INFO  Mouse hover on Baby and kids
2020-Jul-01 01:11:50,234 [main] com.testing.keyword.Keyword 
  INFO  explici wait applied
2020-Jul-01 01:11:50,674 [main] com.testing.keyword.Keyword 
  INFO  mouse hover and click perform
2020-Jul-01 01:11:50,674 [main] com.testing.keyword.Keyword 
  INFO  explici wait applied
2020-Jul-01 01:11:55,464 [main] com.testing.keyword.Keyword 
  INFO  close browser successfuly
