2020-Jul-01 16:42:47,257 [main] com.testing.keyword.Keyword 
  INFO  Open URL successfully
2020-Jul-01 16:42:49,451 [main] com.testing.keyword.Keyword 
  INFO  Window maximize 
2020-Jul-01 16:42:49,458 [main] com.testing.keyword.Keyword 
  INFO  implicit wait applied
2020-Jul-01 16:42:49,459 [main] com.snehal.tests.UniversalBabyTests 
  INFO  Successfully Open Flipkart Site....
2020-Jul-01 16:42:49,955 [main] com.snehal.pages.UniversalBabyPage 
  INFO  Login Popup close successfuly
2020-Jul-01 16:42:50,214 [main] com.testing.keyword.Keyword 
  INFO  It will just hover mouse
2020-Jul-01 16:42:50,214 [main] com.snehal.tests.UniversalBabyTests 
  INFO  Mouse hover on Baby and kids
2020-Jul-01 16:42:50,237 [main] com.testing.keyword.Keyword 
  INFO  explici wait applied
2020-Jul-01 16:42:50,727 [main] com.testing.keyword.Keyword 
  INFO  mouse hover and click perform
2020-Jul-01 16:42:50,825 [main] com.snehal.tests.UniversalBabyTests 
  INFO  Flipkart Logo is Displayed..
2020-Jul-01 16:42:51,048 [main] com.testing.keyword.Keyword 
  INFO  It will just hover mouse
2020-Jul-01 16:42:51,048 [main] com.snehal.tests.UniversalBabyTests 
  INFO  Mouse hover on Baby and kids
2020-Jul-01 16:42:51,048 [main] com.testing.keyword.Keyword 
  INFO  explici wait applied
2020-Jul-01 16:42:51,500 [main] com.testing.keyword.Keyword 
  INFO  close browser successfuly
