2020-Jun-29 22:35:25,527 [main] com.testing.keyword.Keyword 
  INFO  Open URL successfully
2020-Jun-29 22:35:27,688 [main] com.testing.keyword.Keyword 
  INFO  Window maximize 
2020-Jun-29 22:35:27,688 [main] com.snehal.tests.UniversalBabyTests 
  INFO  Successfully Open Flipkart Site....
2020-Jun-29 22:35:27,908 [main] com.snehal.pages.UniversalBabyPage 
  INFO  Login Popup close successfuly
2020-Jun-29 22:35:28,066 [main] com.testing.keyword.Keyword 
  INFO  close browser successfuly
2020-Jun-29 22:35:41,453 [main] com.testing.keyword.Keyword 
  INFO  Open URL successfully
2020-Jun-29 22:35:43,605 [main] com.testing.keyword.Keyword 
  INFO  Window maximize 
2020-Jun-29 22:35:43,605 [main] com.snehal.tests.UniversalBabyTests 
  INFO  Successfully Open Flipkart Site....
2020-Jun-29 22:35:43,805 [main] com.snehal.pages.UniversalBabyPage 
  INFO  Login Popup close successfuly
2020-Jun-29 22:35:44,001 [main] com.testing.keyword.Keyword 
  INFO  It will just hover mouse
2020-Jun-29 22:35:44,001 [main] com.snehal.tests.UniversalBabyTests 
  INFO  Mouse hover on Baby and kids
2020-Jun-29 22:35:48,441 [main] com.testing.keyword.Keyword 
  INFO  close browser successfuly
