2020-Jul-01 15:49:08,360 [main] com.testing.keyword.Keyword 
  INFO  Open URL successfully
2020-Jul-01 15:49:10,532 [main] com.testing.keyword.Keyword 
  INFO  Window maximize 
2020-Jul-01 15:49:10,538 [main] com.testing.keyword.Keyword 
  INFO  implicit wait applied
2020-Jul-01 15:49:10,538 [main] com.snehal.tests.UniversalBabyTests 
  INFO  Successfully Open Flipkart Site....
2020-Jul-01 15:49:10,761 [main] com.snehal.pages.UniversalBabyPage 
  INFO  Login Popup close successfuly
2020-Jul-01 15:49:15,179 [main] com.testing.keyword.Keyword 
  INFO  close browser successfuly
2020-Jul-01 15:49:28,506 [main] com.testing.keyword.Keyword 
  INFO  Open URL successfully
2020-Jul-01 15:49:30,659 [main] com.testing.keyword.Keyword 
  INFO  Window maximize 
2020-Jul-01 15:49:30,667 [main] com.testing.keyword.Keyword 
  INFO  implicit wait applied
2020-Jul-01 15:49:30,667 [main] com.snehal.tests.UniversalBabyTests 
  INFO  Successfully Open Flipkart Site....
2020-Jul-01 15:49:30,840 [main] com.snehal.pages.UniversalBabyPage 
  INFO  Login Popup close successfuly
2020-Jul-01 15:49:31,037 [main] com.testing.keyword.Keyword 
  INFO  It will just hover mouse
2020-Jul-01 15:49:31,037 [main] com.snehal.tests.UniversalBabyTests 
  INFO  Mouse hover on Baby and kids
2020-Jul-01 15:49:31,057 [main] com.testing.keyword.Keyword 
  INFO  explici wait applied
2020-Jul-01 15:49:31,335 [main] com.testing.keyword.Keyword 
  INFO  mouse hover and click perform
2020-Jul-01 15:49:31,452 [main] com.snehal.tests.UniversalBabyTests 
  INFO  Flipkart Logo is Displayed..
2020-Jul-01 15:49:31,763 [main] com.testing.keyword.Keyword 
  INFO  close browser successfuly
2020-Jul-01 15:49:45,694 [main] com.testing.keyword.Keyword 
  INFO  Open URL successfully
2020-Jul-01 15:49:47,876 [main] com.testing.keyword.Keyword 
  INFO  Window maximize 
2020-Jul-01 15:49:47,881 [main] com.testing.keyword.Keyword 
  INFO  implicit wait applied
2020-Jul-01 15:49:47,881 [main] com.snehal.tests.UniversalBabyTests 
  INFO  Successfully Open Flipkart Site....
2020-Jul-01 15:49:48,090 [main] com.snehal.pages.UniversalBabyPage 
  INFO  Login Popup close successfuly
2020-Jul-01 15:49:48,375 [main] com.testing.keyword.Keyword 
  INFO  close browser successfuly
