2020-Jun-24 22:27:19,976 [main] com.testing.keyword.Keyword 
  INFO  Open URL successfully
2020-Jun-24 22:27:22,189 [main] com.testing.keyword.Keyword 
  INFO  Window maximize 
2020-Jun-24 22:27:22,189 [main] com.snehal.tests.UniversalBabyTests 
  INFO  Successfully Open Flipkart Site....
2020-Jun-24 22:27:22,385 [main] com.snehal.pages.UniversalBabyPage 
  INFO  Login Popup close successfuly
2020-Jun-24 22:27:22,409 [main] com.testing.keyword.Keyword 
  INFO  explici wait applied
2020-Jun-24 22:27:22,568 [main] com.testing.keyword.Keyword 
  INFO  It will just hover mouse
2020-Jun-24 22:27:22,568 [main] com.snehal.tests.UniversalBabyTests 
  INFO  Mouse hover on Baby and kids
2020-Jun-24 22:27:22,568 [main] com.testing.keyword.Keyword 
  INFO  explici wait applied
2020-Jun-24 22:27:22,755 [main] com.testing.keyword.Keyword 
  INFO  mouse hover and click perform
2020-Jun-24 22:27:22,853 [main] com.snehal.tests.UniversalBabyTests 
  INFO  Flipkart Logo is Displayed..
2020-Jun-24 22:27:23,064 [main] com.testing.keyword.Keyword 
  INFO  close browser successfuly
