2020-Jul-01 10:45:37,924 [main] com.testing.keyword.Keyword 
  INFO  Open URL successfully
2020-Jul-01 10:45:40,133 [main] com.testing.keyword.Keyword 
  INFO  Window maximize 
2020-Jul-01 10:45:40,147 [main] com.testing.keyword.Keyword 
  INFO  implicit wait applied
2020-Jul-01 10:45:40,147 [main] com.snehal.tests.UniversalBabyTests 
  INFO  Successfully Open Flipkart Site....
2020-Jul-01 10:45:40,440 [main] com.snehal.pages.UniversalBabyPage 
  INFO  Login Popup close successfuly
2020-Jul-01 10:45:40,603 [main] com.testing.keyword.Keyword 
  INFO  It will just hover mouse
2020-Jul-01 10:45:40,603 [main] com.snehal.tests.UniversalBabyTests 
  INFO  Mouse hover on Baby and kids
2020-Jul-01 10:45:40,618 [main] com.testing.keyword.Keyword 
  INFO  explici wait applied
2020-Jul-01 10:45:40,887 [main] com.testing.keyword.Keyword 
  INFO  mouse hover and click perform
2020-Jul-01 10:45:48,254 [main] com.testing.keyword.Keyword 
  INFO  close browser successfuly
