2020-Jul-01 17:06:43,033 [main] com.testing.keyword.Keyword 
  INFO  Open URL successfully
2020-Jul-01 17:06:45,262 [main] com.testing.keyword.Keyword 
  INFO  Window maximize 
2020-Jul-01 17:06:45,278 [main] com.testing.keyword.Keyword 
  INFO  implicit wait applied
2020-Jul-01 17:06:45,278 [main] com.snehal.tests.UniversalBabyTests 
  INFO  Successfully Open Flipkart Site....
2020-Jul-01 17:06:45,581 [main] com.snehal.pages.UniversalBabyPage 
  INFO  Login Popup close successfuly
2020-Jul-01 17:06:45,763 [main] com.testing.keyword.Keyword 
  INFO  It will just hover mouse
2020-Jul-01 17:06:45,763 [main] com.snehal.tests.UniversalBabyTests 
  INFO  Mouse hover on Baby and kids
2020-Jul-01 17:06:45,783 [main] com.testing.keyword.Keyword 
  INFO  explici wait applied
2020-Jul-01 17:06:46,113 [main] com.testing.keyword.Keyword 
  INFO  mouse hover and click perform
2020-Jul-01 17:06:50,225 [main] com.snehal.tests.UniversalBabyTests 
  INFO  Flipkart Logo is Displayed..
2020-Jul-01 17:06:50,458 [main] com.testing.keyword.Keyword 
  INFO  It will just hover mouse
2020-Jul-01 17:06:50,459 [main] com.snehal.tests.UniversalBabyTests 
  INFO  Mouse hover on Baby and kids
2020-Jul-01 17:06:50,459 [main] com.testing.keyword.Keyword 
  INFO  explici wait applied
2020-Jul-01 17:06:54,767 [main] com.testing.keyword.Keyword 
  INFO  close browser successfuly
