2020-Jul-02 20:42:14,486 [main] com.testing.headerPage.testCases.OnlyWomenFirstTests 
  INFO  Browser open
2020-Jul-02 20:42:26,471 [main] com.testing.keyword.Keyword 
  INFO  Open URL successfully
2020-Jul-02 20:42:26,472 [main] com.testing.headerPage.testCases.OnlyWomenFirstTests 
  INFO  URL launch done
2020-Jul-02 20:42:28,832 [main] com.testing.keyword.Keyword 
  INFO  Window maximize 
2020-Jul-02 20:42:28,874 [main] com.testing.headerPage.testCases.OnlyWomenFirstTests 
  INFO  Window maximize
2020-Jul-02 20:42:28,887 [main] com.testing.keyword.Keyword 
  INFO  implicit wait applied
2020-Jul-02 20:42:30,781 [main] com.testing.keyword.Keyword 
  INFO  deleted cookies
2020-Jul-02 20:42:31,354 [main] com.testing.headerPage.testCases.OnlyWomenFirstTests 
  INFO  Pop-up close
2020-Jul-02 20:42:31,694 [main] com.testing.headerPage.testCases.OnlyWomenFirstTests 
  INFO  women tab selected
2020-Jul-02 20:42:32,335 [main] com.testing.headerPage.testCases.OnlyWomenFirstTests 
  INFO  Click on sarees in ethnic wear
2020-Jul-02 20:42:32,641 [main] com.testing.keyword.Keyword 
  INFO  explici wait applied
2020-Jul-02 20:42:35,962 [main] com.testing.headerPage.testCases.OnlyWomenFirstTests 
  INFO  Filter is clicked
2020-Jul-02 20:42:37,704 [main] com.testing.keyword.Keyword 
  INFO  explici wait applied
2020-Jul-02 20:42:37,704 [main] com.testing.headerPage.testCases.OnlyWomenFirstTests 
  INFO  Particcular value selected
