2020-Jul-01 15:33:10,875 [main] com.testing.keyword.Keyword 
  INFO  Open URL successfully
2020-Jul-01 15:33:13,122 [main] com.testing.keyword.Keyword 
  INFO  Window maximize 
2020-Jul-01 15:33:13,128 [main] com.testing.keyword.Keyword 
  INFO  implicit wait applied
2020-Jul-01 15:33:13,128 [main] com.snehal.tests.UniversalBabyTests 
  INFO  Successfully Open Flipkart Site....
2020-Jul-01 15:33:13,354 [main] com.snehal.pages.UniversalBabyPage 
  INFO  Login Popup close successfuly
2020-Jul-01 15:33:13,570 [main] com.testing.keyword.Keyword 
  INFO  It will just hover mouse
2020-Jul-01 15:33:13,571 [main] com.snehal.tests.UniversalBabyTests 
  INFO  Mouse hover on Baby and kids
2020-Jul-01 15:33:13,585 [main] com.testing.keyword.Keyword 
  INFO  explici wait applied
2020-Jul-01 15:33:13,853 [main] com.testing.keyword.Keyword 
  INFO  mouse hover and click perform
2020-Jul-01 15:33:13,853 [main] com.testing.keyword.Keyword 
  INFO  explici wait applied
2020-Jul-01 15:33:17,566 [main] com.testing.keyword.Keyword 
  INFO  close browser successfuly
