2020-Jul-01 00:41:14,941 [main] com.testing.keyword.Keyword 
  INFO  Open URL successfully
2020-Jul-01 00:41:17,179 [main] com.testing.keyword.Keyword 
  INFO  Window maximize 
2020-Jul-01 00:41:17,179 [main] com.snehal.tests.UniversalBabyTests 
  INFO  Successfully Open Flipkart Site....
2020-Jul-01 00:41:17,418 [main] com.snehal.pages.UniversalBabyPage 
  INFO  Login Popup close successfuly
2020-Jul-01 00:41:17,608 [main] com.testing.keyword.Keyword 
  INFO  It will just hover mouse
2020-Jul-01 00:41:17,608 [main] com.snehal.tests.UniversalBabyTests 
  INFO  Mouse hover on Baby&Kids
2020-Jul-01 00:41:17,624 [main] com.testing.keyword.Keyword 
  INFO  explici wait applied
2020-Jul-01 00:41:17,879 [main] com.testing.keyword.Keyword 
  INFO  mouse hover and click perform
2020-Jul-01 00:41:17,879 [main] com.testing.keyword.Keyword 
  INFO  explici wait applied
2020-Jul-01 00:41:18,142 [main] com.testing.keyword.Keyword 
  INFO  close browser successfuly
