2020-Jul-01 15:47:10,598 [main] com.testing.keyword.Keyword 
  INFO  Open URL successfully
2020-Jul-01 15:47:12,744 [main] com.testing.keyword.Keyword 
  INFO  Window maximize 
2020-Jul-01 15:47:12,748 [main] com.testing.keyword.Keyword 
  INFO  implicit wait applied
2020-Jul-01 15:47:12,748 [main] com.snehal.tests.UniversalBabyTests 
  INFO  Successfully Open Flipkart Site....
2020-Jul-01 15:47:12,912 [main] com.snehal.pages.UniversalBabyPage 
  INFO  Login Popup close successfuly
2020-Jul-01 15:47:13,071 [main] com.testing.keyword.Keyword 
  INFO  It will just hover mouse
2020-Jul-01 15:47:13,072 [main] com.snehal.tests.UniversalBabyTests 
  INFO  Mouse hover on Baby and kids
2020-Jul-01 15:47:13,088 [main] com.testing.keyword.Keyword 
  INFO  explici wait applied
2020-Jul-01 15:47:13,355 [main] com.testing.keyword.Keyword 
  INFO  mouse hover and click perform
2020-Jul-01 15:47:13,444 [main] com.snehal.tests.UniversalBabyTests 
  INFO  Flipkart Logo is Displayed..
2020-Jul-01 15:47:13,758 [main] com.testing.keyword.Keyword 
  INFO  close browser successfuly
2020-Jul-01 15:47:27,341 [main] com.testing.keyword.Keyword 
  INFO  Open URL successfully
2020-Jul-01 15:47:29,508 [main] com.testing.keyword.Keyword 
  INFO  Window maximize 
2020-Jul-01 15:47:29,511 [main] com.testing.keyword.Keyword 
  INFO  implicit wait applied
2020-Jul-01 15:47:29,511 [main] com.snehal.tests.UniversalBabyTests 
  INFO  Successfully Open Flipkart Site....
2020-Jul-01 15:47:29,776 [main] com.snehal.pages.UniversalBabyPage 
  INFO  Login Popup close successfuly
2020-Jul-01 15:47:30,014 [main] com.testing.keyword.Keyword 
  INFO  close browser successfuly
2020-Jul-01 15:47:41,588 [main] com.testing.keyword.Keyword 
  INFO  Open URL successfully
2020-Jul-01 15:47:43,750 [main] com.testing.keyword.Keyword 
  INFO  Window maximize 
2020-Jul-01 15:47:43,755 [main] com.testing.keyword.Keyword 
  INFO  implicit wait applied
2020-Jul-01 15:47:43,755 [main] com.snehal.tests.UniversalBabyTests 
  INFO  Successfully Open Flipkart Site....
2020-Jul-01 15:47:43,952 [main] com.snehal.pages.UniversalBabyPage 
  INFO  Login Popup close successfuly
2020-Jul-01 15:47:44,119 [main] com.testing.keyword.Keyword 
  INFO  It will just hover mouse
2020-Jul-01 15:47:44,120 [main] com.snehal.tests.UniversalBabyTests 
  INFO  Mouse hover on Baby and kids
2020-Jul-01 15:47:44,120 [main] com.testing.keyword.Keyword 
  INFO  explici wait applied
2020-Jul-01 15:47:48,456 [main] com.testing.keyword.Keyword 
  INFO  close browser successfuly
