2020-Jun-20 22:00:45,897 [main] com.testing.headerPage.testCases.SignInTests 
  INFO  Browser open
2020-Jun-20 22:00:53,110 [main] com.testing.keyword.Keyword 
  INFO  Open URL successfully
2020-Jun-20 22:00:53,110 [main] com.testing.headerPage.testCases.SignInTests 
  INFO  URL launch done
2020-Jun-20 22:00:53,181 [main] com.testing.keyword.Keyword 
  INFO  implicit wait applied
2020-Jun-20 22:00:55,417 [main] com.testing.keyword.Keyword 
  INFO  Window maximize 
2020-Jun-20 22:00:55,418 [main] com.testing.headerPage.testCases.SignInTests 
  INFO  Window maximize
2020-Jun-20 22:00:57,795 [main] com.testing.keyword.Keyword 
  INFO  deleted cookies
2020-Jun-20 22:00:58,857 [main] com.testing.headerPage.testCases.SignInTests 
  INFO  Pop-up closed
2020-Jun-20 22:00:59,309 [main] com.testing.headerPage.testCases.SignInTests 
  INFO  LogIn click
2020-Jun-20 22:00:59,483 [main] com.testing.headerPage.testCases.SignInTests 
  INFO  click on sigIn
2020-Jun-20 22:00:59,937 [main] com.testing.headerPage.testCases.SignInTests 
  INFO  Enter Mob no
