2020-Jul-01 16:46:17,667 [main] com.testing.keyword.Keyword 
  INFO  Open URL successfully
2020-Jul-01 16:46:19,919 [main] com.testing.keyword.Keyword 
  INFO  Window maximize 
2020-Jul-01 16:46:19,944 [main] com.testing.keyword.Keyword 
  INFO  implicit wait applied
2020-Jul-01 16:46:19,944 [main] com.snehal.tests.UniversalBabyTests 
  INFO  Successfully Open Flipkart Site....
2020-Jul-01 16:46:20,434 [main] com.snehal.pages.UniversalBabyPage 
  INFO  Login Popup close successfuly
2020-Jul-01 16:46:20,691 [main] com.testing.keyword.Keyword 
  INFO  It will just hover mouse
2020-Jul-01 16:46:20,691 [main] com.snehal.tests.UniversalBabyTests 
  INFO  Mouse hover on Baby and kids
2020-Jul-01 16:46:20,706 [main] com.testing.keyword.Keyword 
  INFO  explici wait applied
2020-Jul-01 16:46:20,992 [main] com.testing.keyword.Keyword 
  INFO  mouse hover and click perform
2020-Jul-01 16:46:25,103 [main] com.snehal.tests.UniversalBabyTests 
  INFO  Flipkart Logo is Displayed..
2020-Jul-01 16:46:25,383 [main] com.testing.keyword.Keyword 
  INFO  It will just hover mouse
2020-Jul-01 16:46:25,384 [main] com.snehal.tests.UniversalBabyTests 
  INFO  Mouse hover on Baby and kids
2020-Jul-01 16:46:25,384 [main] com.testing.keyword.Keyword 
  INFO  explici wait applied
2020-Jul-01 16:46:26,028 [main] com.testing.keyword.Keyword 
  INFO  mouse hover and click perform
2020-Jul-01 16:46:30,263 [main] com.testing.keyword.Keyword 
  INFO  close browser successfuly
