2020-Jun-30 23:58:24,069 [main] com.testing.headerPage.testCases.OnlyWomenFirstTests 
  INFO  Browser open
2020-Jun-30 23:58:33,229 [main] com.testing.keyword.Keyword 
  INFO  Open URL successfully
2020-Jun-30 23:58:33,230 [main] com.testing.headerPage.testCases.OnlyWomenFirstTests 
  INFO  URL launch done
2020-Jun-30 23:58:35,495 [main] com.testing.keyword.Keyword 
  INFO  Window maximize 
2020-Jun-30 23:58:35,495 [main] com.testing.headerPage.testCases.OnlyWomenFirstTests 
  INFO  Window maximize
2020-Jun-30 23:58:35,520 [main] com.testing.keyword.Keyword 
  INFO  implicit wait applied
2020-Jun-30 23:58:36,857 [main] com.testing.keyword.Keyword 
  INFO  deleted cookies
2020-Jun-30 23:58:37,279 [main] com.testing.headerPage.testCases.OnlyWomenFirstTests 
  INFO  Pop-up close
2020-Jun-30 23:58:37,486 [main] com.testing.headerPage.testCases.OnlyWomenFirstTests 
  INFO  women tab selected
2020-Jun-30 23:58:37,906 [main] com.testing.headerPage.testCases.OnlyWomenFirstTests 
  INFO  Click on sarees in ethnic wear
2020-Jun-30 23:58:38,011 [main] com.testing.keyword.Keyword 
  INFO  explici wait applied
2020-Jun-30 23:58:41,995 [main] com.testing.headerPage.testCases.OnlyWomenFirstTests 
  INFO  Filter is clicked
2020-Jun-30 23:58:42,952 [main] com.testing.headerPage.testCases.OnlyWomenFirstTests 
  INFO  Particcular value selected
2020-Jun-30 23:58:49,726 [main] com.testing.keyword.Keyword 
  INFO  explici wait applied
