2020-Jun-18 16:10:12,219 [main] com.testing.keyword.Keyword 
  INFO  Open URL successfully
2020-Jun-18 16:10:14,669 [main] com.testing.keyword.Keyword 
  INFO  Window maximize 
2020-Jun-18 16:10:14,669 [main] com.testing.headerPage.testCases.LogInPageTests 
  INFO  URL launch successfully
2020-Jun-18 16:10:14,975 [main] com.testing.headerPage.testCases.LogInPageTests 
  INFO  Pop-Up close
2020-Jun-18 16:10:15,216 [main] com.testing.headerPage.testCases.LogInPageTests 
  INFO  logo click done
2020-Jun-18 16:10:15,536 [main] com.testing.headerPage.testCases.LogInPageTests 
  INFO  Log In Click
2020-Jun-18 16:10:15,891 [main] com.testing.headerPage.testCases.LogInPageTests 
  INFO  Entered email
2020-Jun-18 16:10:16,120 [main] com.testing.headerPage.testCases.LogInPageTests 
  INFO  Entered password
2020-Jun-18 16:10:16,307 [main] com.testing.headerPage.testCases.LogInPageTests 
  INFO  Click on log in submit
2020-Jun-18 16:10:16,853 [main] com.testing.headerPage.testCases.LogInPageTests 
  INFO  Product search successfully
2020-Jun-18 16:10:16,891 [main] com.testing.keyword.Keyword 
  INFO  explici wait applied
2020-Jun-18 16:10:21,109 [main] com.testing.keyword.Keyword 
  INFO  close browser successfuly
