2020-Jun-20 22:40:20,817 [main] com.testing.headerPage.testCases.OnlyWomenFirstTests 
  INFO  Browser open
2020-Jun-20 22:40:40,997 [main] com.testing.keyword.Keyword 
  INFO  Open URL successfully
2020-Jun-20 22:40:40,997 [main] com.testing.headerPage.testCases.OnlyWomenFirstTests 
  INFO  URL launch done
2020-Jun-20 22:40:41,029 [main] com.testing.keyword.Keyword 
  INFO  implicit wait applied
2020-Jun-20 22:40:43,362 [main] com.testing.keyword.Keyword 
  INFO  Window maximize 
2020-Jun-20 22:40:43,362 [main] com.testing.headerPage.testCases.OnlyWomenFirstTests 
  INFO  Window maximize
2020-Jun-20 22:40:44,927 [main] com.testing.keyword.Keyword 
  INFO  deleted cookies
2020-Jun-20 22:40:45,757 [main] com.testing.headerPage.testCases.OnlyWomenFirstTests 
  INFO  Pop-up close
2020-Jun-20 22:40:46,141 [main] com.testing.headerPage.testCases.OnlyWomenFirstTests 
  INFO  women tab selected
2020-Jun-20 22:40:59,494 [main] com.testing.keyword.Keyword 
  INFO  explici wait applied
