2020-Jun-18 20:45:18,820 [main] com.testing.headerPage.testCases.OnlyWomenFirstTests 
  INFO  Browser open
2020-Jun-18 20:45:29,238 [main] com.testing.keyword.Keyword 
  INFO  Open URL successfully
2020-Jun-18 20:45:29,262 [main] com.testing.headerPage.testCases.OnlyWomenFirstTests 
  INFO  URL launch done
2020-Jun-18 20:45:29,282 [main] com.testing.keyword.Keyword 
  INFO  implicit wait applied
2020-Jun-18 20:45:31,936 [main] com.testing.keyword.Keyword 
  INFO  Window maximize 
2020-Jun-18 20:45:31,936 [main] com.testing.headerPage.testCases.OnlyWomenFirstTests 
  INFO  Window maximize
2020-Jun-18 20:45:35,299 [main] com.testing.keyword.Keyword 
  INFO  deleted cookies
2020-Jun-18 20:45:35,789 [main] com.testing.headerPage.testCases.OnlyWomenFirstTests 
  INFO  Pop-up close
2020-Jun-18 20:45:36,178 [main] com.testing.headerPage.testCases.OnlyWomenFirstTests 
  INFO  women tab selected
2020-Jun-18 20:45:36,707 [main] com.testing.keyword.Keyword 
  INFO  explici wait applied
2020-Jun-18 20:45:41,453 [main] com.testing.headerPage.testCases.OnlyWomenFirstTests 
  INFO  Logo click
2020-Jun-18 20:45:42,686 [main] com.testing.keyword.Keyword 
  INFO  close browser successfuly
