2020-Jun-20 22:45:17,058 [main] com.testing.headerPage.testCases.OnlyWomenFirstTests 
  INFO  Browser open
2020-Jun-20 22:45:33,249 [main] com.testing.keyword.Keyword 
  INFO  Open URL successfully
2020-Jun-20 22:45:33,250 [main] com.testing.headerPage.testCases.OnlyWomenFirstTests 
  INFO  URL launch done
2020-Jun-20 22:45:33,292 [main] com.testing.keyword.Keyword 
  INFO  implicit wait applied
2020-Jun-20 22:45:35,807 [main] com.testing.keyword.Keyword 
  INFO  Window maximize 
2020-Jun-20 22:45:35,807 [main] com.testing.headerPage.testCases.OnlyWomenFirstTests 
  INFO  Window maximize
2020-Jun-20 22:45:37,041 [main] com.testing.keyword.Keyword 
  INFO  deleted cookies
2020-Jun-20 22:45:38,155 [main] com.testing.headerPage.testCases.OnlyWomenFirstTests 
  INFO  Pop-up close
2020-Jun-20 22:45:38,514 [main] com.testing.headerPage.testCases.OnlyWomenFirstTests 
  INFO  women tab selected
2020-Jun-20 22:45:38,896 [main] com.testing.keyword.Keyword 
  INFO  explici wait applied
2020-Jun-20 22:45:42,468 [main] com.testing.headerPage.testCases.OnlyWomenFirstTests 
  INFO  Logo click
2020-Jun-20 22:45:43,475 [main] com.testing.keyword.Keyword 
  INFO  close browser successfuly
