2020-Jun-30 22:14:23,747 [main] com.testing.keyword.Keyword 
  INFO  Open URL successfully
2020-Jun-30 22:14:25,909 [main] com.testing.keyword.Keyword 
  INFO  Window maximize 
2020-Jun-30 22:14:25,910 [main] com.snehal.tests.UniversalBabyTests 
  INFO  Successfully Open Flipkart Site....
2020-Jun-30 22:14:26,092 [main] com.snehal.pages.UniversalBabyPage 
  INFO  Login Popup close successfuly
2020-Jun-30 22:14:26,112 [main] com.testing.keyword.Keyword 
  INFO  explici wait applied
2020-Jun-30 22:14:26,273 [main] com.testing.keyword.Keyword 
  INFO  It will just hover mouse
2020-Jun-30 22:14:26,274 [main] com.snehal.tests.UniversalBabyTests 
  INFO  Mouse hover on Baby&Kids
2020-Jun-30 22:14:30,762 [main] com.testing.keyword.Keyword 
  INFO  close browser successfuly
2020-Jun-30 22:14:43,352 [main] com.testing.keyword.Keyword 
  INFO  Open URL successfully
2020-Jun-30 22:14:45,632 [main] com.testing.keyword.Keyword 
  INFO  Window maximize 
2020-Jun-30 22:14:45,632 [main] com.snehal.tests.UniversalBabyTests 
  INFO  Successfully Open Flipkart Site....
2020-Jun-30 22:14:45,863 [main] com.snehal.pages.UniversalBabyPage 
  INFO  Login Popup close successfuly
2020-Jun-30 22:14:46,260 [main] com.testing.keyword.Keyword 
  INFO  close browser successfuly
