2020-Jun-18 20:46:26,524 [main] com.testing.headerPage.testCases.OnlyWomenFirstTests 
  INFO  Browser open
2020-Jun-18 20:46:35,230 [main] com.testing.keyword.Keyword 
  INFO  Open URL successfully
2020-Jun-18 20:46:35,231 [main] com.testing.headerPage.testCases.OnlyWomenFirstTests 
  INFO  URL launch done
2020-Jun-18 20:46:35,248 [main] com.testing.keyword.Keyword 
  INFO  implicit wait applied
2020-Jun-18 20:46:37,499 [main] com.testing.keyword.Keyword 
  INFO  Window maximize 
2020-Jun-18 20:46:37,500 [main] com.testing.headerPage.testCases.OnlyWomenFirstTests 
  INFO  Window maximize
2020-Jun-18 20:46:39,251 [main] com.testing.keyword.Keyword 
  INFO  deleted cookies
2020-Jun-18 20:46:39,634 [main] com.testing.headerPage.testCases.OnlyWomenFirstTests 
  INFO  Pop-up close
2020-Jun-18 20:46:39,827 [main] com.testing.headerPage.testCases.OnlyWomenFirstTests 
  INFO  women tab selected
2020-Jun-18 20:46:40,446 [main] com.testing.keyword.Keyword 
  INFO  explici wait applied
2020-Jun-18 20:46:40,741 [main] com.testing.headerPage.testCases.OnlyWomenFirstTests 
  INFO  Logo click
2020-Jun-18 20:46:41,231 [main] com.testing.keyword.Keyword 
  INFO  close browser successfuly
