2020-Jun-30 23:04:49,415 [main] com.testing.keyword.Keyword 
  INFO  Open URL successfully
2020-Jun-30 23:04:51,657 [main] com.testing.keyword.Keyword 
  INFO  Window maximize 
2020-Jun-30 23:04:51,657 [main] com.snehal.tests.UniversalBabyTests 
  INFO  Successfully Open Flipkart Site....
2020-Jun-30 23:04:51,987 [main] com.snehal.pages.UniversalBabyPage 
  INFO  Login Popup close successfuly
2020-Jun-30 23:04:52,164 [main] com.testing.keyword.Keyword 
  INFO  It will just hover mouse
2020-Jun-30 23:04:52,164 [main] com.snehal.tests.UniversalBabyTests 
  INFO  Mouse hover on Baby&Kids
2020-Jun-30 23:04:52,184 [main] com.testing.keyword.Keyword 
  INFO  explici wait applied
2020-Jun-30 23:04:52,533 [main] com.testing.keyword.Keyword 
  INFO  mouse hover and click perform
2020-Jun-30 23:04:52,533 [main] com.testing.keyword.Keyword 
  INFO  explici wait applied
2020-Jun-30 23:04:57,035 [main] com.testing.keyword.Keyword 
  INFO  close browser successfuly
