2020-Jul-01 13:33:17,400 [main] com.testing.headerPage.testCases.OnlyWomenFirstTests 
  INFO  Browser open
2020-Jul-01 13:33:23,324 [main] com.testing.keyword.Keyword 
  INFO  Open URL successfully
2020-Jul-01 13:33:23,325 [main] com.testing.headerPage.testCases.OnlyWomenFirstTests 
  INFO  URL launch done
2020-Jul-01 13:33:26,340 [main] com.testing.keyword.Keyword 
  INFO  Window maximize 
2020-Jul-01 13:33:26,340 [main] com.testing.headerPage.testCases.OnlyWomenFirstTests 
  INFO  Window maximize
2020-Jul-01 13:33:26,383 [main] com.testing.keyword.Keyword 
  INFO  implicit wait applied
2020-Jul-01 13:33:27,907 [main] com.testing.keyword.Keyword 
  INFO  deleted cookies
2020-Jul-01 13:33:28,679 [main] com.testing.headerPage.testCases.OnlyWomenFirstTests 
  INFO  Pop-up close
2020-Jul-01 13:33:29,082 [main] com.testing.headerPage.testCases.OnlyWomenFirstTests 
  INFO  women tab selected
2020-Jul-01 13:33:29,612 [main] com.testing.headerPage.testCases.OnlyWomenFirstTests 
  INFO  Click on sarees in ethnic wear
2020-Jul-01 13:33:29,719 [main] com.testing.keyword.Keyword 
  INFO  explici wait applied
2020-Jul-01 13:33:34,076 [main] com.testing.headerPage.testCases.OnlyWomenFirstTests 
  INFO  Filter is clicked
2020-Jul-01 13:33:35,357 [main] com.testing.headerPage.testCases.OnlyWomenFirstTests 
  INFO  Particcular value selected
