2020-Jul-01 00:00:09,004 [main] com.testing.keyword.Keyword 
  INFO  Open URL successfully
2020-Jul-01 00:00:11,162 [main] com.testing.keyword.Keyword 
  INFO  Window maximize 
2020-Jul-01 00:00:11,162 [main] com.snehal.tests.UniversalBabyTests 
  INFO  Successfully Open Flipkart Site....
2020-Jul-01 00:00:11,421 [main] com.snehal.pages.UniversalBabyPage 
  INFO  Login Popup close successfuly
2020-Jul-01 00:00:11,602 [main] com.testing.keyword.Keyword 
  INFO  It will just hover mouse
2020-Jul-01 00:00:11,602 [main] com.snehal.tests.UniversalBabyTests 
  INFO  Mouse hover on Baby&Kids
2020-Jul-01 00:00:11,613 [main] com.testing.keyword.Keyword 
  INFO  explici wait applied
2020-Jul-01 00:00:11,928 [main] com.testing.keyword.Keyword 
  INFO  mouse hover and click perform
2020-Jul-01 00:00:11,932 [main] com.testing.keyword.Keyword 
  INFO  explici wait applied
2020-Jul-01 00:00:11,932 [main] com.testing.keyword.Keyword 
  INFO  explici wait applied
2020-Jul-01 00:00:12,313 [main] com.testing.keyword.Keyword 
  INFO  close browser successfuly
