2020-Jul-01 15:25:06,209 [main] com.testing.keyword.Keyword 
  INFO  Open URL successfully
2020-Jul-01 15:25:08,368 [main] com.testing.keyword.Keyword 
  INFO  Window maximize 
2020-Jul-01 15:25:08,375 [main] com.testing.keyword.Keyword 
  INFO  implicit wait applied
2020-Jul-01 15:25:08,375 [main] com.snehal.tests.UniversalBabyTests 
  INFO  Successfully Open Flipkart Site....
2020-Jul-01 15:25:08,510 [main] com.snehal.pages.UniversalBabyPage 
  INFO  Login Popup close successfuly
2020-Jul-01 15:25:08,683 [main] com.testing.keyword.Keyword 
  INFO  It will just hover mouse
2020-Jul-01 15:25:08,684 [main] com.snehal.tests.UniversalBabyTests 
  INFO  Mouse hover on Baby and kids
2020-Jul-01 15:25:08,700 [main] com.testing.keyword.Keyword 
  INFO  explici wait applied
2020-Jul-01 15:25:08,910 [main] com.testing.keyword.Keyword 
  INFO  mouse hover and click perform
2020-Jul-01 15:25:09,056 [main] com.snehal.tests.UniversalBabyTests 
  INFO  Flipkart Logo is Displayed..
2020-Jul-01 15:25:09,251 [main] com.testing.keyword.Keyword 
  INFO  close browser successfuly
2020-Jul-01 15:25:28,040 [main] com.testing.keyword.Keyword 
  INFO  Open URL successfully
2020-Jul-01 15:25:30,251 [main] com.testing.keyword.Keyword 
  INFO  Window maximize 
2020-Jul-01 15:25:30,256 [main] com.testing.keyword.Keyword 
  INFO  implicit wait applied
2020-Jul-01 15:25:30,256 [main] com.snehal.tests.UniversalBabyTests 
  INFO  Successfully Open Flipkart Site....
2020-Jul-01 15:25:30,409 [main] com.snehal.pages.UniversalBabyPage 
  INFO  Login Popup close successfuly
2020-Jul-01 15:25:34,834 [main] com.testing.keyword.Keyword 
  INFO  close browser successfuly
2020-Jul-01 15:25:46,923 [main] com.testing.keyword.Keyword 
  INFO  Open URL successfully
2020-Jul-01 15:25:49,072 [main] com.testing.keyword.Keyword 
  INFO  Window maximize 
2020-Jul-01 15:25:49,083 [main] com.testing.keyword.Keyword 
  INFO  implicit wait applied
2020-Jul-01 15:25:49,083 [main] com.snehal.tests.UniversalBabyTests 
  INFO  Successfully Open Flipkart Site....
2020-Jul-01 15:25:49,316 [main] com.snehal.pages.UniversalBabyPage 
  INFO  Login Popup close successfuly
2020-Jul-01 15:25:49,486 [main] com.testing.keyword.Keyword 
  INFO  It will just hover mouse
2020-Jul-01 15:25:49,486 [main] com.snehal.tests.UniversalBabyTests 
  INFO  Mouse hover on Baby and kids
2020-Jul-01 15:25:49,487 [main] com.testing.keyword.Keyword 
  INFO  explici wait applied
2020-Jul-01 15:25:53,943 [main] com.testing.keyword.Keyword 
  INFO  close browser successfuly
