2020-Jun-20 21:56:16,548 [main] com.testing.headerPage.testCases.SignInTests 
  INFO  Browser open
2020-Jun-20 21:56:25,649 [main] com.testing.keyword.Keyword 
  INFO  Open URL successfully
2020-Jun-20 21:56:25,650 [main] com.testing.headerPage.testCases.SignInTests 
  INFO  URL launch done
2020-Jun-20 21:56:25,687 [main] com.testing.keyword.Keyword 
  INFO  implicit wait applied
2020-Jun-20 21:56:28,011 [main] com.testing.keyword.Keyword 
  INFO  Window maximize 
2020-Jun-20 21:56:28,012 [main] com.testing.headerPage.testCases.SignInTests 
  INFO  Window maximize
2020-Jun-20 21:56:29,500 [main] com.testing.keyword.Keyword 
  INFO  deleted cookies
2020-Jun-20 21:56:30,435 [main] com.testing.headerPage.testCases.SignInTests 
  INFO  Pop-up closed
2020-Jun-20 21:56:30,713 [main] com.testing.headerPage.testCases.SignInTests 
  INFO  LogIn click
2020-Jun-20 21:56:31,162 [main] com.testing.headerPage.testCases.SignInTests 
  INFO  click on sigIn
2020-Jun-20 21:56:31,576 [main] com.testing.headerPage.testCases.SignInTests 
  INFO  Enter Mob no
2020-Jun-20 21:56:31,930 [main] com.testing.keyword.Keyword 
  INFO  explici wait applied
2020-Jun-20 21:56:32,219 [main] com.testing.headerPage.testCases.SignInTests 
  INFO  click on continue
2020-Jun-20 21:56:33,411 [main] com.testing.headerPage.testCases.SignInTests 
  INFO  OTP enter successfully
2020-Jun-20 21:56:33,731 [main] com.testing.headerPage.testCases.SignInTests 
  INFO  Password entered
2020-Jun-20 21:56:33,881 [main] com.testing.headerPage.testCases.SignInTests 
  INFO  Sign In Button clicked
2020-Jun-20 21:56:34,389 [main] com.testing.headerPage.testCases.SignInTests 
  INFO  Error msg displayed
2020-Jun-20 21:56:34,598 [main] com.testing.headerPage.testCases.SignInTests 
  INFO  Mobile number change successfully
2020-Jun-20 21:56:34,807 [main] com.testing.headerPage.testCases.SignInTests 
  INFO  Mobile no enter successfully
2020-Jun-20 21:56:34,900 [main] com.testing.headerPage.testCases.SignInTests 
  INFO  CLick on continue
