2020-Jul-01 00:03:05,206 [main] com.testing.headerPage.testCases.OnlyWomenFirstTests 
  INFO  Browser open
2020-Jul-01 00:03:14,719 [main] com.testing.keyword.Keyword 
  INFO  Open URL successfully
2020-Jul-01 00:03:14,720 [main] com.testing.headerPage.testCases.OnlyWomenFirstTests 
  INFO  URL launch done
2020-Jul-01 00:03:17,152 [main] com.testing.keyword.Keyword 
  INFO  Window maximize 
2020-Jul-01 00:03:17,153 [main] com.testing.headerPage.testCases.OnlyWomenFirstTests 
  INFO  Window maximize
2020-Jul-01 00:03:17,163 [main] com.testing.keyword.Keyword 
  INFO  implicit wait applied
2020-Jul-01 00:03:20,812 [main] com.testing.keyword.Keyword 
  INFO  deleted cookies
2020-Jul-01 00:03:21,806 [main] com.testing.headerPage.testCases.OnlyWomenFirstTests 
  INFO  Pop-up close
2020-Jul-01 00:03:22,096 [main] com.testing.headerPage.testCases.OnlyWomenFirstTests 
  INFO  women tab selected
2020-Jul-01 00:03:22,722 [main] com.testing.headerPage.testCases.OnlyWomenFirstTests 
  INFO  Click on sarees in ethnic wear
2020-Jul-01 00:03:23,537 [main] com.testing.keyword.Keyword 
  INFO  explici wait applied
2020-Jul-01 00:03:27,649 [main] com.testing.headerPage.testCases.OnlyWomenFirstTests 
  INFO  Filter is clicked
2020-Jul-01 00:03:29,657 [main] com.testing.headerPage.testCases.OnlyWomenFirstTests 
  INFO  Particcular value selected
