2020-Jun-30 23:46:04,228 [main] com.testing.keyword.Keyword 
  INFO  Open URL successfully
2020-Jun-30 23:46:04,398 [main] com.testing.headerPage.testCases.OnlyWomenFirstTests 
  INFO  URL launch done
2020-Jun-30 23:46:07,111 [main] com.testing.keyword.Keyword 
  INFO  Window maximize 
2020-Jun-30 23:46:07,112 [main] com.testing.headerPage.testCases.OnlyWomenFirstTests 
  INFO  Window maximize
2020-Jun-30 23:46:07,139 [main] com.testing.keyword.Keyword 
  INFO  implicit wait applied
2020-Jun-30 23:46:09,183 [main] com.testing.keyword.Keyword 
  INFO  deleted cookies
2020-Jun-30 23:46:10,266 [main] com.testing.headerPage.testCases.OnlyWomenFirstTests 
  INFO  Pop-up close
2020-Jun-30 23:46:10,649 [main] com.testing.headerPage.testCases.OnlyWomenFirstTests 
  INFO  women tab selected
2020-Jun-30 23:46:11,709 [main] com.testing.headerPage.testCases.OnlyWomenFirstTests 
  INFO  Click on sarees in ethnic wear
2020-Jun-30 23:46:12,089 [main] com.testing.keyword.Keyword 
  INFO  explici wait applied
2020-Jun-30 23:46:17,662 [main] com.testing.headerPage.testCases.OnlyWomenFirstTests 
  INFO  Filter is clicked
2020-Jun-30 23:46:18,915 [main] com.testing.headerPage.testCases.OnlyWomenFirstTests 
  INFO  Particcular value selected
2020-Jun-30 23:46:19,929 [main] com.testing.headerPage.testCases.OnlyWomenFirstTests 
  INFO  Logo click
2020-Jun-30 23:46:21,266 [main] com.testing.keyword.Keyword 
  INFO  close browser successfuly
