2020-Jun-30 23:05:38,335 [main] com.testing.keyword.Keyword 
  INFO  Open URL successfully
2020-Jun-30 23:05:40,510 [main] com.testing.keyword.Keyword 
  INFO  Window maximize 
2020-Jun-30 23:05:40,510 [main] com.snehal.tests.UniversalBabyTests 
  INFO  Successfully Open Flipkart Site....
2020-Jun-30 23:05:40,721 [main] com.snehal.pages.UniversalBabyPage 
  INFO  Login Popup close successfuly
2020-Jun-30 23:05:40,950 [main] com.testing.keyword.Keyword 
  INFO  It will just hover mouse
2020-Jun-30 23:05:40,950 [main] com.snehal.tests.UniversalBabyTests 
  INFO  Mouse hover on Baby&Kids
2020-Jun-30 23:05:40,966 [main] com.testing.keyword.Keyword 
  INFO  explici wait applied
2020-Jun-30 23:05:41,279 [main] com.testing.keyword.Keyword 
  INFO  mouse hover and click perform
2020-Jun-30 23:05:41,283 [main] com.testing.keyword.Keyword 
  INFO  explici wait applied
2020-Jun-30 23:05:45,535 [main] com.testing.keyword.Keyword 
  INFO  close browser successfuly
