2020-Jul-01 15:31:13,073 [main] com.testing.keyword.Keyword 
  INFO  Open URL successfully
2020-Jul-01 15:31:15,251 [main] com.testing.keyword.Keyword 
  INFO  Window maximize 
2020-Jul-01 15:31:15,263 [main] com.testing.keyword.Keyword 
  INFO  implicit wait applied
2020-Jul-01 15:31:15,263 [main] com.snehal.tests.UniversalBabyTests 
  INFO  Successfully Open Flipkart Site....
2020-Jul-01 15:31:15,426 [main] com.snehal.pages.UniversalBabyPage 
  INFO  Login Popup close successfuly
2020-Jul-01 15:31:15,619 [main] com.testing.keyword.Keyword 
  INFO  It will just hover mouse
2020-Jul-01 15:31:15,619 [main] com.snehal.tests.UniversalBabyTests 
  INFO  Mouse hover on Baby and kids
2020-Jul-01 15:31:15,637 [main] com.testing.keyword.Keyword 
  INFO  explici wait applied
2020-Jul-01 15:31:15,897 [main] com.testing.keyword.Keyword 
  INFO  mouse hover and click perform
2020-Jul-01 15:31:16,022 [main] com.snehal.tests.UniversalBabyTests 
  INFO  Flipkart Logo is Displayed..
2020-Jul-01 15:31:16,333 [main] com.testing.keyword.Keyword 
  INFO  close browser successfuly
2020-Jul-01 15:31:28,204 [main] com.testing.keyword.Keyword 
  INFO  Open URL successfully
2020-Jul-01 15:31:30,350 [main] com.testing.keyword.Keyword 
  INFO  Window maximize 
2020-Jul-01 15:31:30,356 [main] com.testing.keyword.Keyword 
  INFO  implicit wait applied
2020-Jul-01 15:31:30,356 [main] com.snehal.tests.UniversalBabyTests 
  INFO  Successfully Open Flipkart Site....
2020-Jul-01 15:31:30,588 [main] com.snehal.pages.UniversalBabyPage 
  INFO  Login Popup close successfuly
2020-Jul-01 15:31:30,836 [main] com.testing.keyword.Keyword 
  INFO  close browser successfuly
2020-Jul-01 15:31:42,867 [main] com.testing.keyword.Keyword 
  INFO  Open URL successfully
2020-Jul-01 15:31:45,006 [main] com.testing.keyword.Keyword 
  INFO  Window maximize 
2020-Jul-01 15:31:45,010 [main] com.testing.keyword.Keyword 
  INFO  implicit wait applied
2020-Jul-01 15:31:45,010 [main] com.snehal.tests.UniversalBabyTests 
  INFO  Successfully Open Flipkart Site....
2020-Jul-01 15:31:45,257 [main] com.snehal.pages.UniversalBabyPage 
  INFO  Login Popup close successfuly
2020-Jul-01 15:31:45,436 [main] com.testing.keyword.Keyword 
  INFO  It will just hover mouse
2020-Jul-01 15:31:45,436 [main] com.snehal.tests.UniversalBabyTests 
  INFO  Mouse hover on Baby and kids
2020-Jul-01 15:31:45,437 [main] com.testing.keyword.Keyword 
  INFO  explici wait applied
2020-Jul-01 15:31:49,929 [main] com.testing.keyword.Keyword 
  INFO  close browser successfuly
