2020-Jun-18 16:02:31,434 [main] com.testing.keyword.Keyword 
  INFO  Open URL successfully
2020-Jun-18 16:02:33,773 [main] com.testing.keyword.Keyword 
  INFO  Window maximize 
2020-Jun-18 16:02:33,773 [main] com.testing.headerPage.testCases.LogInPageTests 
  INFO  URL launch successfully
2020-Jun-18 16:02:34,509 [main] com.testing.headerPage.testCases.LogInPageTests 
  INFO  Pop-Up close
2020-Jun-18 16:02:34,869 [main] com.testing.headerPage.testCases.LogInPageTests 
  INFO  logo click done
2020-Jun-18 16:02:35,157 [main] com.testing.headerPage.testCases.LogInPageTests 
  INFO  Log In Click
2020-Jun-18 16:02:35,445 [main] com.testing.headerPage.testCases.LogInPageTests 
  INFO  Entered email
2020-Jun-18 16:02:35,698 [main] com.testing.headerPage.testCases.LogInPageTests 
  INFO  Entered password
2020-Jun-18 16:02:35,851 [main] com.testing.headerPage.testCases.LogInPageTests 
  INFO  Click on log in submit
2020-Jun-18 16:02:36,337 [main] com.testing.headerPage.testCases.LogInPageTests 
  INFO  Product search successfully
2020-Jun-18 16:02:36,455 [main] com.testing.keyword.Keyword 
  INFO  explici wait applied
2020-Jun-18 16:02:45,682 [main] com.testing.keyword.Keyword 
  INFO  close browser successfuly
