2020-Jul-01 15:22:31,363 [main] com.testing.keyword.Keyword 
  INFO  Open URL successfully
2020-Jul-01 15:22:33,564 [main] com.testing.keyword.Keyword 
  INFO  Window maximize 
2020-Jul-01 15:22:33,570 [main] com.testing.keyword.Keyword 
  INFO  implicit wait applied
2020-Jul-01 15:22:33,571 [main] com.snehal.tests.UniversalBabyTests 
  INFO  Successfully Open Flipkart Site....
2020-Jul-01 15:22:33,789 [main] com.snehal.pages.UniversalBabyPage 
  INFO  Login Popup close successfuly
2020-Jul-01 15:22:38,178 [main] com.testing.keyword.Keyword 
  INFO  close browser successfuly
2020-Jul-01 15:22:50,328 [main] com.testing.keyword.Keyword 
  INFO  Open URL successfully
2020-Jul-01 15:22:52,506 [main] com.testing.keyword.Keyword 
  INFO  Window maximize 
2020-Jul-01 15:22:52,520 [main] com.testing.keyword.Keyword 
  INFO  implicit wait applied
2020-Jul-01 15:22:52,520 [main] com.snehal.tests.UniversalBabyTests 
  INFO  Successfully Open Flipkart Site....
2020-Jul-01 15:22:52,757 [main] com.snehal.pages.UniversalBabyPage 
  INFO  Login Popup close successfuly
2020-Jul-01 15:22:52,933 [main] com.testing.keyword.Keyword 
  INFO  It will just hover mouse
2020-Jul-01 15:22:52,934 [main] com.snehal.tests.UniversalBabyTests 
  INFO  Mouse hover on Baby and kids
2020-Jul-01 15:22:52,951 [main] com.testing.keyword.Keyword 
  INFO  explici wait applied
2020-Jul-01 15:22:53,237 [main] com.testing.keyword.Keyword 
  INFO  mouse hover and click perform
2020-Jul-01 15:22:53,338 [main] com.snehal.tests.UniversalBabyTests 
  INFO  Flipkart Logo is Displayed..
2020-Jul-01 15:22:53,579 [main] com.testing.keyword.Keyword 
  INFO  close browser successfuly
