2020-Jul-01 15:35:10,238 [main] com.testing.keyword.Keyword 
  INFO  Open URL successfully
2020-Jul-01 15:35:12,382 [main] com.testing.keyword.Keyword 
  INFO  Window maximize 
2020-Jul-01 15:35:12,388 [main] com.testing.keyword.Keyword 
  INFO  implicit wait applied
2020-Jul-01 15:35:12,388 [main] com.snehal.tests.UniversalBabyTests 
  INFO  Successfully Open Flipkart Site....
2020-Jul-01 15:35:12,601 [main] com.snehal.pages.UniversalBabyPage 
  INFO  Login Popup close successfuly
2020-Jul-01 15:35:12,767 [main] com.testing.keyword.Keyword 
  INFO  It will just hover mouse
2020-Jul-01 15:35:12,767 [main] com.snehal.tests.UniversalBabyTests 
  INFO  Mouse hover on Baby and kids
2020-Jul-01 15:35:12,780 [main] com.testing.keyword.Keyword 
  INFO  explici wait applied
2020-Jul-01 15:35:13,022 [main] com.testing.keyword.Keyword 
  INFO  mouse hover and click perform
2020-Jul-01 15:35:13,090 [main] com.snehal.tests.UniversalBabyTests 
  INFO  Flipkart Logo is Displayed..
2020-Jul-01 15:35:13,310 [main] com.testing.keyword.Keyword 
  INFO  close browser successfuly
2020-Jul-01 15:35:32,118 [main] com.testing.keyword.Keyword 
  INFO  Open URL successfully
2020-Jul-01 15:35:34,257 [main] com.testing.keyword.Keyword 
  INFO  Window maximize 
2020-Jul-01 15:35:34,262 [main] com.testing.keyword.Keyword 
  INFO  implicit wait applied
2020-Jul-01 15:35:34,263 [main] com.snehal.tests.UniversalBabyTests 
  INFO  Successfully Open Flipkart Site....
2020-Jul-01 15:35:34,423 [main] com.snehal.pages.UniversalBabyPage 
  INFO  Login Popup close successfuly
2020-Jul-01 15:35:34,714 [main] com.testing.keyword.Keyword 
  INFO  close browser successfuly
2020-Jul-01 15:35:52,676 [main] com.testing.keyword.Keyword 
  INFO  Open URL successfully
2020-Jul-01 15:35:54,818 [main] com.testing.keyword.Keyword 
  INFO  Window maximize 
2020-Jul-01 15:35:54,824 [main] com.testing.keyword.Keyword 
  INFO  implicit wait applied
2020-Jul-01 15:35:54,824 [main] com.snehal.tests.UniversalBabyTests 
  INFO  Successfully Open Flipkart Site....
2020-Jul-01 15:35:55,021 [main] com.snehal.pages.UniversalBabyPage 
  INFO  Login Popup close successfuly
2020-Jul-01 15:35:55,168 [main] com.testing.keyword.Keyword 
  INFO  It will just hover mouse
2020-Jul-01 15:35:55,168 [main] com.snehal.tests.UniversalBabyTests 
  INFO  Mouse hover on Baby and kids
2020-Jul-01 15:35:55,168 [main] com.testing.keyword.Keyword 
  INFO  explici wait applied
2020-Jul-01 15:35:59,429 [main] com.testing.keyword.Keyword 
  INFO  close browser successfuly
