2020-Jun-24 22:31:00,244 [main] com.testing.keyword.Keyword 
  INFO  Open URL successfully
2020-Jun-24 22:31:02,435 [main] com.testing.keyword.Keyword 
  INFO  Window maximize 
2020-Jun-24 22:31:02,439 [main] com.snehal.tests.UniversalBabyTests 
  INFO  Successfully Open Flipkart Site....
2020-Jun-24 22:31:02,593 [main] com.snehal.pages.UniversalBabyPage 
  INFO  Login Popup close successfuly
2020-Jun-24 22:31:02,597 [main] com.testing.keyword.Keyword 
  INFO  implicit wait applied
2020-Jun-24 22:31:02,767 [main] com.testing.keyword.Keyword 
  INFO  It will just hover mouse
2020-Jun-24 22:31:02,767 [main] com.snehal.tests.UniversalBabyTests 
  INFO  Mouse hover on Baby and kids
2020-Jun-24 22:31:02,767 [main] com.testing.keyword.Keyword 
  INFO  explici wait applied
2020-Jun-24 22:31:02,926 [main] com.testing.keyword.Keyword 
  INFO  mouse hover and click perform
2020-Jun-24 22:31:03,020 [main] com.snehal.tests.UniversalBabyTests 
  INFO  Flipkart Logo is Displayed..
2020-Jun-24 22:31:03,321 [main] com.testing.keyword.Keyword 
  INFO  close browser successfuly
