2020-Jul-01 00:32:32,700 [main] com.testing.keyword.Keyword 
  INFO  Open URL successfully
2020-Jul-01 00:32:34,858 [main] com.testing.keyword.Keyword 
  INFO  Window maximize 
2020-Jul-01 00:32:34,858 [main] com.snehal.tests.UniversalBabyTests 
  INFO  Successfully Open Flipkart Site....
2020-Jul-01 00:32:35,079 [main] com.snehal.pages.UniversalBabyPage 
  INFO  Login Popup close successfuly
2020-Jul-01 00:32:35,234 [main] com.testing.keyword.Keyword 
  INFO  It will just hover mouse
2020-Jul-01 00:32:35,234 [main] com.snehal.tests.UniversalBabyTests 
  INFO  Mouse hover on Baby&Kids
2020-Jul-01 00:32:35,250 [main] com.testing.keyword.Keyword 
  INFO  explici wait applied
2020-Jul-01 00:32:35,507 [main] com.testing.keyword.Keyword 
  INFO  mouse hover and click perform
2020-Jul-01 00:32:35,511 [main] com.testing.keyword.Keyword 
  INFO  explici wait applied
2020-Jul-01 00:32:35,511 [main] com.testing.keyword.Keyword 
  INFO  explici wait applied
2020-Jul-01 00:32:35,748 [main] com.testing.keyword.Keyword 
  INFO  close browser successfuly
