2020-Jul-01 13:15:12,154 [main] com.testing.headerPage.testCases.OnlyWomenFirstTests 
  INFO  Browser open
2020-Jul-01 13:15:23,295 [main] com.testing.keyword.Keyword 
  INFO  Open URL successfully
2020-Jul-01 13:15:23,296 [main] com.testing.headerPage.testCases.OnlyWomenFirstTests 
  INFO  URL launch done
2020-Jul-01 13:15:25,766 [main] com.testing.keyword.Keyword 
  INFO  Window maximize 
2020-Jul-01 13:15:25,766 [main] com.testing.headerPage.testCases.OnlyWomenFirstTests 
  INFO  Window maximize
2020-Jul-01 13:15:25,866 [main] com.testing.keyword.Keyword 
  INFO  implicit wait applied
2020-Jul-01 13:15:28,237 [main] com.testing.keyword.Keyword 
  INFO  deleted cookies
2020-Jul-01 13:15:29,247 [main] com.testing.headerPage.testCases.OnlyWomenFirstTests 
  INFO  Pop-up close
2020-Jul-01 13:15:29,853 [main] com.testing.headerPage.testCases.OnlyWomenFirstTests 
  INFO  women tab selected
2020-Jul-01 13:15:30,731 [main] com.testing.headerPage.testCases.OnlyWomenFirstTests 
  INFO  Click on sarees in ethnic wear
2020-Jul-01 13:15:30,983 [main] com.testing.keyword.Keyword 
  INFO  explici wait applied
2020-Jul-01 13:15:36,696 [main] com.testing.headerPage.testCases.OnlyWomenFirstTests 
  INFO  Filter is clicked
2020-Jul-01 13:15:38,201 [main] com.testing.headerPage.testCases.OnlyWomenFirstTests 
  INFO  Particcular value selected
