2020-Jun-30 23:52:31,603 [main] com.testing.keyword.Keyword 
  INFO  Open URL successfully
2020-Jun-30 23:52:33,795 [main] com.testing.keyword.Keyword 
  INFO  Window maximize 
2020-Jun-30 23:52:33,795 [main] com.snehal.tests.UniversalBabyTests 
  INFO  Successfully Open Flipkart Site....
2020-Jun-30 23:52:33,985 [main] com.snehal.pages.UniversalBabyPage 
  INFO  Login Popup close successfuly
2020-Jun-30 23:52:34,150 [main] com.testing.keyword.Keyword 
  INFO  It will just hover mouse
2020-Jun-30 23:52:34,150 [main] com.snehal.tests.UniversalBabyTests 
  INFO  Mouse hover on Baby&Kids
2020-Jun-30 23:52:34,162 [main] com.testing.keyword.Keyword 
  INFO  explici wait applied
2020-Jun-30 23:52:34,448 [main] com.testing.keyword.Keyword 
  INFO  mouse hover and click perform
2020-Jun-30 23:52:34,448 [main] com.testing.keyword.Keyword 
  INFO  explici wait applied
2020-Jun-30 23:52:34,663 [main] com.testing.keyword.Keyword 
  INFO  close browser successfuly
