2020-Jun-30 23:52:40,268 [main] com.testing.headerPage.testCases.OnlyWomenFirstTests 
  INFO  Browser open
2020-Jun-30 23:52:47,181 [main] com.testing.keyword.Keyword 
  INFO  Open URL successfully
2020-Jun-30 23:52:47,182 [main] com.testing.headerPage.testCases.OnlyWomenFirstTests 
  INFO  URL launch done
2020-Jun-30 23:52:49,620 [main] com.testing.keyword.Keyword 
  INFO  Window maximize 
2020-Jun-30 23:52:49,620 [main] com.testing.headerPage.testCases.OnlyWomenFirstTests 
  INFO  Window maximize
2020-Jun-30 23:52:49,637 [main] com.testing.keyword.Keyword 
  INFO  implicit wait applied
2020-Jun-30 23:52:51,533 [main] com.testing.keyword.Keyword 
  INFO  deleted cookies
2020-Jun-30 23:52:52,045 [main] com.testing.headerPage.testCases.OnlyWomenFirstTests 
  INFO  Pop-up close
2020-Jun-30 23:52:52,339 [main] com.testing.headerPage.testCases.OnlyWomenFirstTests 
  INFO  women tab selected
2020-Jun-30 23:52:52,666 [main] com.testing.headerPage.testCases.OnlyWomenFirstTests 
  INFO  Click on sarees in ethnic wear
2020-Jun-30 23:52:52,694 [main] com.testing.keyword.Keyword 
  INFO  explici wait applied
2020-Jun-30 23:52:58,074 [main] com.testing.headerPage.testCases.OnlyWomenFirstTests 
  INFO  Filter is clicked
2020-Jun-30 23:52:59,224 [main] com.testing.headerPage.testCases.OnlyWomenFirstTests 
  INFO  Particcular value selected
