2020-Jun-24 22:21:46,964 [main] com.testing.keyword.Keyword 
  INFO  Open URL successfully
2020-Jun-24 22:21:49,139 [main] com.testing.keyword.Keyword 
  INFO  Window maximize 
2020-Jun-24 22:21:49,139 [main] com.snehal.tests.UniversalBabyTests 
  INFO  Successfully Open Flipkart Site....
2020-Jun-24 22:21:49,340 [main] com.snehal.pages.UniversalBabyPage 
  INFO  Login Popup close successfuly
2020-Jun-24 22:21:49,356 [main] com.testing.keyword.Keyword 
  INFO  explici wait applied
2020-Jun-24 22:21:49,551 [main] com.testing.keyword.Keyword 
  INFO  It will just hover mouse
2020-Jun-24 22:21:49,551 [main] com.snehal.tests.UniversalBabyTests 
  INFO  Mouse hover on Baby and kids
2020-Jun-24 22:21:49,551 [main] com.testing.keyword.Keyword 
  INFO  explici wait applied
2020-Jun-24 22:21:49,687 [main] com.testing.keyword.Keyword 
  INFO  mouse hover and click perform
2020-Jun-24 22:21:49,799 [main] com.snehal.tests.UniversalBabyTests 
  INFO  Flipkart Logo is Displayed..
2020-Jun-24 22:21:50,103 [main] com.testing.keyword.Keyword 
  INFO  close browser successfuly
