2020-Jul-01 13:28:43,372 [main] com.testing.headerPage.testCases.OnlyWomenFirstTests 
  INFO  Browser open
2020-Jul-01 13:28:51,720 [main] com.testing.keyword.Keyword 
  INFO  Open URL successfully
2020-Jul-01 13:28:51,721 [main] com.testing.headerPage.testCases.OnlyWomenFirstTests 
  INFO  URL launch done
2020-Jul-01 13:28:54,693 [main] com.testing.keyword.Keyword 
  INFO  Window maximize 
2020-Jul-01 13:28:54,693 [main] com.testing.headerPage.testCases.OnlyWomenFirstTests 
  INFO  Window maximize
2020-Jul-01 13:28:54,725 [main] com.testing.keyword.Keyword 
  INFO  implicit wait applied
2020-Jul-01 13:28:56,411 [main] com.testing.keyword.Keyword 
  INFO  deleted cookies
2020-Jul-01 13:28:56,705 [main] com.testing.headerPage.testCases.OnlyWomenFirstTests 
  INFO  Pop-up close
2020-Jul-01 13:28:56,973 [main] com.testing.headerPage.testCases.OnlyWomenFirstTests 
  INFO  women tab selected
2020-Jul-01 13:28:57,882 [main] com.testing.headerPage.testCases.OnlyWomenFirstTests 
  INFO  Click on sarees in ethnic wear
2020-Jul-01 13:28:57,980 [main] com.testing.keyword.Keyword 
  INFO  explici wait applied
