2020-Jul-01 17:07:24,902 [main] com.testing.keyword.Keyword 
  INFO  Open URL successfully
2020-Jul-01 17:07:27,105 [main] com.testing.keyword.Keyword 
  INFO  Window maximize 
2020-Jul-01 17:07:27,112 [main] com.testing.keyword.Keyword 
  INFO  implicit wait applied
2020-Jul-01 17:07:27,112 [main] com.snehal.tests.UniversalBabyTests 
  INFO  Successfully Open Flipkart Site....
2020-Jul-01 17:07:27,479 [main] com.snehal.pages.UniversalBabyPage 
  INFO  Login Popup close successfuly
2020-Jul-01 17:07:27,686 [main] com.testing.keyword.Keyword 
  INFO  It will just hover mouse
2020-Jul-01 17:07:27,686 [main] com.snehal.tests.UniversalBabyTests 
  INFO  Mouse hover on Baby and kids
2020-Jul-01 17:07:27,714 [main] com.testing.keyword.Keyword 
  INFO  explici wait applied
2020-Jul-01 17:07:28,165 [main] com.testing.keyword.Keyword 
  INFO  mouse hover and click perform
2020-Jul-01 17:07:32,263 [main] com.snehal.tests.UniversalBabyTests 
  INFO  Flipkart Logo is Displayed..
2020-Jul-01 17:07:32,501 [main] com.testing.keyword.Keyword 
  INFO  It will just hover mouse
2020-Jul-01 17:07:32,501 [main] com.snehal.tests.UniversalBabyTests 
  INFO  Mouse hover on Baby and kids
2020-Jul-01 17:07:32,501 [main] com.testing.keyword.Keyword 
  INFO  explici wait applied
2020-Jul-01 17:07:37,012 [main] com.testing.keyword.Keyword 
  INFO  close browser successfuly
