2020-Jun-30 22:19:27,100 [main] com.testing.keyword.Keyword 
  INFO  Open URL successfully
2020-Jun-30 22:19:29,239 [main] com.testing.keyword.Keyword 
  INFO  Window maximize 
2020-Jun-30 22:19:29,240 [main] com.snehal.tests.UniversalBabyTests 
  INFO  Successfully Open Flipkart Site....
2020-Jun-30 22:19:29,480 [main] com.snehal.pages.UniversalBabyPage 
  INFO  Login Popup close successfuly
2020-Jun-30 22:19:29,507 [main] com.testing.keyword.Keyword 
  INFO  explici wait applied
2020-Jun-30 22:19:29,675 [main] com.testing.keyword.Keyword 
  INFO  It will just hover mouse
2020-Jun-30 22:19:29,675 [main] com.snehal.tests.UniversalBabyTests 
  INFO  Mouse hover on Baby&Kids
2020-Jun-30 22:19:33,931 [main] com.testing.keyword.Keyword 
  INFO  close browser successfuly
2020-Jun-30 22:19:45,040 [main] com.testing.keyword.Keyword 
  INFO  Open URL successfully
2020-Jun-30 22:19:47,184 [main] com.testing.keyword.Keyword 
  INFO  Window maximize 
2020-Jun-30 22:19:47,184 [main] com.snehal.tests.UniversalBabyTests 
  INFO  Successfully Open Flipkart Site....
2020-Jun-30 22:19:47,504 [main] com.snehal.pages.UniversalBabyPage 
  INFO  Login Popup close successfuly
2020-Jun-30 22:19:47,784 [main] com.testing.keyword.Keyword 
  INFO  close browser successfuly
