2020-Jun-24 22:34:51,543 [main] com.testing.keyword.Keyword 
  INFO  Open URL successfully
2020-Jun-24 22:34:53,712 [main] com.testing.keyword.Keyword 
  INFO  Window maximize 
2020-Jun-24 22:34:53,712 [main] com.snehal.tests.UniversalBabyTests 
  INFO  Successfully Open Flipkart Site....
2020-Jun-24 22:34:53,908 [main] com.snehal.pages.UniversalBabyPage 
  INFO  Login Popup close successfuly
2020-Jun-24 22:34:53,922 [main] com.testing.keyword.Keyword 
  INFO  explici wait applied
2020-Jun-24 22:34:54,102 [main] com.testing.keyword.Keyword 
  INFO  It will just hover mouse
2020-Jun-24 22:34:54,102 [main] com.snehal.tests.UniversalBabyTests 
  INFO  Mouse hover on Baby and kids
2020-Jun-24 22:34:54,102 [main] com.testing.keyword.Keyword 
  INFO  explici wait applied
2020-Jun-24 22:34:54,255 [main] com.testing.keyword.Keyword 
  INFO  mouse hover and click perform
2020-Jun-24 22:34:54,369 [main] com.snehal.tests.UniversalBabyTests 
  INFO  Flipkart Logo is Displayed..
2020-Jun-24 22:34:54,551 [main] com.testing.keyword.Keyword 
  INFO  close browser successfuly
