2020-Jul-01 16:28:02,197 [main] com.testing.keyword.Keyword 
  INFO  Open URL successfully
2020-Jul-01 16:28:04,407 [main] com.testing.keyword.Keyword 
  INFO  Window maximize 
2020-Jul-01 16:28:04,422 [main] com.testing.keyword.Keyword 
  INFO  implicit wait applied
2020-Jul-01 16:28:04,422 [main] com.snehal.tests.UniversalBabyTests 
  INFO  Successfully Open Flipkart Site....
2020-Jul-01 16:28:04,663 [main] com.snehal.pages.UniversalBabyPage 
  INFO  Login Popup close successfuly
2020-Jul-01 16:28:04,843 [main] com.testing.keyword.Keyword 
  INFO  It will just hover mouse
2020-Jul-01 16:28:04,844 [main] com.snehal.tests.UniversalBabyTests 
  INFO  Mouse hover on Baby and kids
2020-Jul-01 16:28:04,872 [main] com.testing.keyword.Keyword 
  INFO  explici wait applied
2020-Jul-01 16:28:05,192 [main] com.testing.keyword.Keyword 
  INFO  mouse hover and click perform
2020-Jul-01 16:28:05,308 [main] com.snehal.tests.UniversalBabyTests 
  INFO  Flipkart Logo is Displayed..
2020-Jul-01 16:28:05,680 [main] com.testing.keyword.Keyword 
  INFO  close browser successfuly
2020-Jul-01 16:28:21,949 [main] com.testing.keyword.Keyword 
  INFO  Open URL successfully
2020-Jul-01 16:28:24,116 [main] com.testing.keyword.Keyword 
  INFO  Window maximize 
2020-Jul-01 16:28:24,124 [main] com.testing.keyword.Keyword 
  INFO  implicit wait applied
2020-Jul-01 16:28:24,125 [main] com.snehal.tests.UniversalBabyTests 
  INFO  Successfully Open Flipkart Site....
2020-Jul-01 16:28:24,429 [main] com.snehal.pages.UniversalBabyPage 
  INFO  Login Popup close successfuly
2020-Jul-01 16:28:24,820 [main] com.testing.keyword.Keyword 
  INFO  close browser successfuly
2020-Jul-01 16:28:38,080 [main] com.testing.keyword.Keyword 
  INFO  Open URL successfully
2020-Jul-01 16:28:40,289 [main] com.testing.keyword.Keyword 
  INFO  Window maximize 
2020-Jul-01 16:28:40,299 [main] com.testing.keyword.Keyword 
  INFO  implicit wait applied
2020-Jul-01 16:28:40,299 [main] com.snehal.tests.UniversalBabyTests 
  INFO  Successfully Open Flipkart Site....
2020-Jul-01 16:28:40,596 [main] com.snehal.pages.UniversalBabyPage 
  INFO  Login Popup close successfuly
2020-Jul-01 16:28:40,795 [main] com.testing.keyword.Keyword 
  INFO  It will just hover mouse
2020-Jul-01 16:28:40,795 [main] com.snehal.tests.UniversalBabyTests 
  INFO  Mouse hover on Baby and kids
2020-Jul-01 16:28:40,796 [main] com.testing.keyword.Keyword 
  INFO  explici wait applied
2020-Jul-01 16:28:41,140 [main] com.testing.keyword.Keyword 
  INFO  mouse hover and click perform
2020-Jul-01 16:28:50,827 [main] com.testing.keyword.Keyword 
  INFO  close browser successfuly
