2020-Jun-30 21:00:43,613 [main] com.testing.headerPage.testCases.OnlyWomenFirstTests 
  INFO  Browser open
2020-Jun-30 21:00:52,794 [main] com.testing.keyword.Keyword 
  INFO  Open URL successfully
2020-Jun-30 21:00:52,794 [main] com.testing.headerPage.testCases.OnlyWomenFirstTests 
  INFO  URL launch done
2020-Jun-30 21:00:55,195 [main] com.testing.keyword.Keyword 
  INFO  Window maximize 
2020-Jun-30 21:00:55,195 [main] com.testing.headerPage.testCases.OnlyWomenFirstTests 
  INFO  Window maximize
2020-Jun-30 21:00:55,228 [main] com.testing.keyword.Keyword 
  INFO  implicit wait applied
2020-Jun-30 21:00:57,160 [main] com.testing.keyword.Keyword 
  INFO  deleted cookies
2020-Jun-30 21:00:58,046 [main] com.testing.headerPage.testCases.OnlyWomenFirstTests 
  INFO  Pop-up close
2020-Jun-30 21:00:58,284 [main] com.testing.headerPage.testCases.OnlyWomenFirstTests 
  INFO  women tab selected
2020-Jun-30 21:00:58,778 [main] com.testing.headerPage.testCases.OnlyWomenFirstTests 
  INFO  Click on sarees in ethnic wear
2020-Jun-30 21:00:58,989 [main] com.testing.keyword.Keyword 
  INFO  explici wait applied
