2020-Jun-30 14:08:03,171 [main] com.testing.headerPage.testCases.SignInTests 
  INFO  Browser open
2020-Jun-30 14:08:15,967 [main] com.testing.keyword.Keyword 
  INFO  Open URL successfully
2020-Jun-30 14:08:15,967 [main] com.testing.headerPage.testCases.SignInTests 
  INFO  URL launch done
2020-Jun-30 14:08:16,020 [main] com.testing.keyword.Keyword 
  INFO  implicit wait applied
2020-Jun-30 14:08:19,011 [main] com.testing.keyword.Keyword 
  INFO  Window maximize 
2020-Jun-30 14:08:19,011 [main] com.testing.headerPage.testCases.SignInTests 
  INFO  Window maximize
2020-Jun-30 14:08:20,761 [main] com.testing.keyword.Keyword 
  INFO  deleted cookies
2020-Jun-30 14:08:21,940 [main] com.testing.headerPage.testCases.SignInTests 
  INFO  Pop-up closed
2020-Jun-30 14:08:22,304 [main] com.testing.headerPage.testCases.SignInTests 
  INFO  LogIn click
2020-Jun-30 14:08:22,716 [main] com.testing.headerPage.testCases.SignInTests 
  INFO  click on sigIn
2020-Jun-30 14:08:24,659 [main] com.testing.headerPage.testCases.SignInTests 
  INFO  Enter Mob no
2020-Jun-30 14:08:25,020 [main] com.testing.keyword.Keyword 
  INFO  explici wait applied
2020-Jun-30 14:08:25,648 [main] com.testing.headerPage.testCases.SignInTests 
  INFO  click on continue
2020-Jun-30 14:08:26,997 [main] com.testing.headerPage.testCases.SignInTests 
  INFO  OTP enter successfully
2020-Jun-30 14:08:27,436 [main] com.testing.headerPage.testCases.SignInTests 
  INFO  Password entered
2020-Jun-30 14:08:27,600 [main] com.testing.headerPage.testCases.SignInTests 
  INFO  Sign In Button clicked
2020-Jun-30 14:08:27,843 [main] com.testing.headerPage.testCases.SignInTests 
  INFO  Error msg displayed
2020-Jun-30 14:08:28,098 [main] com.testing.headerPage.testCases.SignInTests 
  INFO  Mobile number change successfully
2020-Jun-30 14:08:28,319 [main] com.testing.headerPage.testCases.SignInTests 
  INFO  Mobile no enter successfully
2020-Jun-30 14:08:28,484 [main] com.testing.headerPage.testCases.SignInTests 
  INFO  CLick on continue
