2020-Jul-01 16:25:14,466 [main] com.testing.keyword.Keyword 
  INFO  Open URL successfully
2020-Jul-01 16:25:16,714 [main] com.testing.keyword.Keyword 
  INFO  Window maximize 
2020-Jul-01 16:25:16,757 [main] com.testing.keyword.Keyword 
  INFO  implicit wait applied
2020-Jul-01 16:25:16,758 [main] com.snehal.tests.UniversalBabyTests 
  INFO  Successfully Open Flipkart Site....
2020-Jul-01 16:25:17,199 [main] com.snehal.pages.UniversalBabyPage 
  INFO  Login Popup close successfuly
2020-Jul-01 16:25:17,371 [main] com.testing.keyword.Keyword 
  INFO  It will just hover mouse
2020-Jul-01 16:25:17,371 [main] com.snehal.tests.UniversalBabyTests 
  INFO  Mouse hover on Baby and kids
2020-Jul-01 16:25:17,385 [main] com.testing.keyword.Keyword 
  INFO  explici wait applied
2020-Jul-01 16:25:17,695 [main] com.testing.keyword.Keyword 
  INFO  mouse hover and click perform
2020-Jul-01 16:25:17,695 [main] com.testing.keyword.Keyword 
  INFO  explici wait applied
2020-Jul-01 16:25:21,641 [main] com.testing.keyword.Keyword 
  INFO  close browser successfuly
