2020-Jun-20 22:47:31,623 [main] com.testing.headerPage.testCases.OnlyWomenFirstTests 
  INFO  Browser open
2020-Jun-20 22:47:46,190 [main] com.testing.keyword.Keyword 
  INFO  Open URL successfully
2020-Jun-20 22:47:46,191 [main] com.testing.headerPage.testCases.OnlyWomenFirstTests 
  INFO  URL launch done
2020-Jun-20 22:47:48,611 [main] com.testing.keyword.Keyword 
  INFO  Window maximize 
2020-Jun-20 22:47:48,611 [main] com.testing.headerPage.testCases.OnlyWomenFirstTests 
  INFO  Window maximize
2020-Jun-20 22:47:49,855 [main] com.testing.keyword.Keyword 
  INFO  deleted cookies
2020-Jun-20 22:47:50,367 [main] com.testing.headerPage.testCases.OnlyWomenFirstTests 
  INFO  Pop-up close
2020-Jun-20 22:47:50,651 [main] com.testing.headerPage.testCases.OnlyWomenFirstTests 
  INFO  women tab selected
2020-Jun-20 22:47:51,173 [main] com.testing.keyword.Keyword 
  INFO  explici wait applied
2020-Jun-20 22:47:51,853 [main] com.testing.headerPage.testCases.OnlyWomenFirstTests 
  INFO  Logo click
2020-Jun-20 22:47:52,988 [main] com.testing.keyword.Keyword 
  INFO  close browser successfuly
