2020-Jul-01 00:01:26,887 [main] com.testing.keyword.Keyword 
  INFO  Open URL successfully
2020-Jul-01 00:01:29,062 [main] com.testing.keyword.Keyword 
  INFO  Window maximize 
2020-Jul-01 00:01:29,062 [main] com.snehal.tests.UniversalBabyTests 
  INFO  Successfully Open Flipkart Site....
2020-Jul-01 00:01:29,255 [main] com.snehal.pages.UniversalBabyPage 
  INFO  Login Popup close successfuly
2020-Jul-01 00:01:29,417 [main] com.testing.keyword.Keyword 
  INFO  It will just hover mouse
2020-Jul-01 00:01:29,417 [main] com.snehal.tests.UniversalBabyTests 
  INFO  Mouse hover on Baby&Kids
2020-Jul-01 00:01:29,433 [main] com.testing.keyword.Keyword 
  INFO  explici wait applied
2020-Jul-01 00:01:29,709 [main] com.testing.keyword.Keyword 
  INFO  mouse hover and click perform
2020-Jul-01 00:01:29,709 [main] com.testing.keyword.Keyword 
  INFO  explici wait applied
2020-Jul-01 00:01:29,905 [main] com.testing.keyword.Keyword 
  INFO  close browser successfuly
