2020-Jun-20 22:55:13,731 [main] com.testing.keyword.Keyword 
  INFO  Open URL successfully
2020-Jun-20 22:55:13,739 [main] com.testing.headerPage.testCases.OnlyWomenFirstTests 
  INFO  URL launch done
2020-Jun-20 22:55:16,180 [main] com.testing.keyword.Keyword 
  INFO  Window maximize 
2020-Jun-20 22:55:16,181 [main] com.testing.headerPage.testCases.OnlyWomenFirstTests 
  INFO  Window maximize
2020-Jun-20 22:55:22,146 [main] com.testing.keyword.Keyword 
  INFO  deleted cookies
2020-Jun-20 22:55:23,621 [main] com.testing.headerPage.testCases.OnlyWomenFirstTests 
  INFO  Pop-up close
2020-Jun-20 22:55:23,859 [main] com.testing.headerPage.testCases.OnlyWomenFirstTests 
  INFO  women tab selected
2020-Jun-20 22:55:24,598 [main] com.testing.keyword.Keyword 
  INFO  explici wait applied
2020-Jun-20 22:55:25,898 [main] com.testing.headerPage.testCases.OnlyWomenFirstTests 
  INFO  Logo click
2020-Jun-20 22:55:27,931 [main] com.testing.keyword.Keyword 
  INFO  close browser successfuly
