2020-Jun-30 23:54:11,512 [main] com.testing.keyword.Keyword 
  INFO  Open URL successfully
2020-Jun-30 23:54:13,687 [main] com.testing.keyword.Keyword 
  INFO  Window maximize 
2020-Jun-30 23:54:13,687 [main] com.snehal.tests.UniversalBabyTests 
  INFO  Successfully Open Flipkart Site....
2020-Jun-30 23:54:13,933 [main] com.snehal.pages.UniversalBabyPage 
  INFO  Login Popup close successfuly
2020-Jun-30 23:54:14,121 [main] com.testing.keyword.Keyword 
  INFO  It will just hover mouse
2020-Jun-30 23:54:14,121 [main] com.snehal.tests.UniversalBabyTests 
  INFO  Mouse hover on Baby&Kids
2020-Jun-30 23:54:14,137 [main] com.testing.keyword.Keyword 
  INFO  explici wait applied
2020-Jun-30 23:54:14,403 [main] com.testing.keyword.Keyword 
  INFO  mouse hover and click perform
2020-Jun-30 23:54:14,407 [main] com.testing.keyword.Keyword 
  INFO  explici wait applied
2020-Jun-30 23:54:14,407 [main] com.testing.keyword.Keyword 
  INFO  explici wait applied
2020-Jun-30 23:54:14,643 [main] com.testing.keyword.Keyword 
  INFO  close browser successfuly
